13:31:45,291 (main) DEBUG [DataNucleus.General] - Using PluginRegistry org.datanucleus.plugin.NonManagedPluginRegistry
13:31:45,353 (main) DEBUG [DataNucleus.General] - Registering bundle org.sonatype.inject version 2.3.0 at URL file:/C:/Users/wos/.m2/repository/org/sonatype/sisu/sisu-inject-bean/2.3.0/sisu-inject-bean-2.3.0.jar.
13:31:45,384 (main) DEBUG [DataNucleus.General] - Loading extension points from plug-in file jar:file:/C:/Users/wos/.m2/repository/org/sonatype/sisu/sisu-inject-bean/2.3.0/sisu-inject-bean-2.3.0.jar!/plugin.xml.
13:31:45,384 (main) DEBUG [DataNucleus.General] - Loading extensions from plug-in file jar:file:/C:/Users/wos/.m2/repository/org/sonatype/sisu/sisu-inject-bean/2.3.0/sisu-inject-bean-2.3.0.jar!/plugin.xml.
13:31:45,400 (main) DEBUG [DataNucleus.General] - Registering bundle org.datanucleus version 4.0.3 at URL file:/C:/Users/wos/.m2/repository/org/datanucleus/datanucleus-core/4.0.3/datanucleus-core-4.0.3.jar.
13:31:45,431 (main) DEBUG [DataNucleus.General] - Loading extension points from plug-in file jar:file:/C:/Users/wos/.m2/repository/org/datanucleus/datanucleus-core/4.0.3/datanucleus-core-4.0.3.jar!/plugin.xml.
13:31:45,462 (main) DEBUG [DataNucleus.General] - Loading extensions from plug-in file jar:file:/C:/Users/wos/.m2/repository/org/datanucleus/datanucleus-core/4.0.3/datanucleus-core-4.0.3.jar!/plugin.xml.
13:31:45,462 (main) DEBUG [DataNucleus.General] - Registering bundle org.datanucleus.store.rdbms version 4.0.4 at URL file:/C:/Users/wos/.m2/repository/org/datanucleus/datanucleus-rdbms/4.0.4/datanucleus-rdbms-4.0.4.jar.
13:31:45,509 (main) DEBUG [DataNucleus.General] - Loading extension points from plug-in file jar:file:/C:/Users/wos/.m2/repository/org/datanucleus/datanucleus-rdbms/4.0.4/datanucleus-rdbms-4.0.4.jar!/plugin.xml.
13:31:45,525 (main) DEBUG [DataNucleus.General] - Loading extensions from plug-in file jar:file:/C:/Users/wos/.m2/repository/org/datanucleus/datanucleus-rdbms/4.0.4/datanucleus-rdbms-4.0.4.jar!/plugin.xml.
13:31:45,540 (main) DEBUG [DataNucleus.General] - Registering bundle org.datanucleus.api.jdo version 4.0.3 at URL file:/C:/Users/wos/.m2/repository/org/datanucleus/datanucleus-api-jdo/4.0.3/datanucleus-api-jdo-4.0.3.jar.
13:31:45,540 (main) DEBUG [DataNucleus.General] - Loading extension points from plug-in file jar:file:/C:/Users/wos/.m2/repository/org/datanucleus/datanucleus-api-jdo/4.0.3/datanucleus-api-jdo-4.0.3.jar!/plugin.xml.
13:31:45,540 (main) DEBUG [DataNucleus.General] - Loading extensions from plug-in file jar:file:/C:/Users/wos/.m2/repository/org/datanucleus/datanucleus-api-jdo/4.0.3/datanucleus-api-jdo-4.0.3.jar!/plugin.xml.
13:31:45,603 (main) DEBUG [DataNucleus.Persistence] - Java types support initialising ...
13:31:45,650 (main) DEBUG [DataNucleus.Persistence] - Java types support loaded : supported java types=[B, [C, [D, [F, [I, [J, [Ljava.lang.Boolean;, [Ljava.lang.Byte;, [Ljava.lang.Character;, [Ljava.lang.Double;, [Ljava.lang.Enum;, [Ljava.lang.Float;, [Ljava.lang.Integer;, [Ljava.lang.Long;, [Ljava.lang.Number;, [Ljava.lang.Short;, [Ljava.lang.String;, [Ljava.math.BigDecimal;, [Ljava.math.BigInteger;, [Ljava.util.Date;, [Ljava.util.Locale;, [S, [Z, boolean, byte, char, double, float, int, java.awt.Color, java.awt.image.BufferedImage, java.lang.Boolean, java.lang.Byte, java.lang.Character, java.lang.Class, java.lang.Double, java.lang.Enum, java.lang.Float, java.lang.Integer, java.lang.Long, java.lang.Number, java.lang.Short, java.lang.String, java.lang.StringBuffer, java.lang.StringBuilder, java.math.BigDecimal, java.math.BigInteger, java.net.URI, java.net.URL, java.sql.Date, java.sql.Time, java.sql.Timestamp, java.util.ArrayList, java.util.Arrays$ArrayList, java.util.BitSet, java.util.Calendar, java.util.Collection, java.util.Currency, java.util.Date, java.util.GregorianCalendar, java.util.HashMap, java.util.HashSet, java.util.Hashtable, java.util.LinkedHashMap, java.util.LinkedHashSet, java.util.LinkedList, java.util.List, java.util.Locale, java.util.Map, java.util.PriorityQueue, java.util.Properties, java.util.Queue, java.util.Set, java.util.SortedMap, java.util.SortedSet, java.util.Stack, java.util.TimeZone, java.util.TreeMap, java.util.TreeSet, java.util.UUID, java.util.Vector, long, short
13:31:45,650 (main) DEBUG [DataNucleus.Persistence] - Type converter support initialising ...
13:31:45,712 (main) DEBUG [DataNucleus.Persistence] - Type converter support loaded
13:31:45,712 (main) DEBUG [DataNucleus.Persistence] - TypeConverter(s) available for byte[] to : java.nio.ByteBuffer
13:31:45,712 (main) DEBUG [DataNucleus.Persistence] - TypeConverter(s) available for char[] to : java.nio.ByteBuffer
13:31:45,712 (main) DEBUG [DataNucleus.Persistence] - TypeConverter(s) available for double[] to : java.nio.ByteBuffer
13:31:45,712 (main) DEBUG [DataNucleus.Persistence] - TypeConverter(s) available for float[] to : java.nio.ByteBuffer
13:31:45,712 (main) DEBUG [DataNucleus.Persistence] - TypeConverter(s) available for int[] to : java.nio.ByteBuffer
13:31:45,712 (main) DEBUG [DataNucleus.Persistence] - TypeConverter(s) available for long[] to : java.nio.ByteBuffer
13:31:45,712 (main) DEBUG [DataNucleus.Persistence] - TypeConverter(s) available for short[] to : java.nio.ByteBuffer
13:31:45,712 (main) DEBUG [DataNucleus.Persistence] - TypeConverter(s) available for boolean[] to : java.nio.ByteBuffer
13:31:45,712 (main) DEBUG [DataNucleus.Persistence] - TypeConverter(s) available for java.awt.Color to : java.lang.String,int[]
13:31:45,712 (main) DEBUG [DataNucleus.Persistence] - TypeConverter(s) available for java.io.Serializable to : java.lang.String,java.nio.ByteBuffer,byte[]
13:31:45,712 (main) DEBUG [DataNucleus.Persistence] - TypeConverter(s) available for java.lang.Boolean to : java.lang.Character,java.lang.Integer
13:31:45,712 (main) DEBUG [DataNucleus.Persistence] - TypeConverter(s) available for java.lang.Character to : java.lang.String
13:31:45,712 (main) DEBUG [DataNucleus.Persistence] - TypeConverter(s) available for java.lang.Class to : java.lang.String
13:31:45,712 (main) DEBUG [DataNucleus.Persistence] - TypeConverter(s) available for java.lang.Integer to : java.lang.String
13:31:45,728 (main) DEBUG [DataNucleus.Persistence] - TypeConverter(s) available for java.lang.Long to : java.lang.String
13:31:45,728 (main) DEBUG [DataNucleus.Persistence] - TypeConverter(s) available for java.lang.StringBuffer to : java.lang.String
13:31:45,728 (main) DEBUG [DataNucleus.Persistence] - TypeConverter(s) available for java.lang.StringBuilder to : java.lang.String
13:31:45,728 (main) DEBUG [DataNucleus.Persistence] - TypeConverter(s) available for java.math.BigDecimal to : java.lang.String,java.lang.Double,java.nio.ByteBuffer
13:31:45,728 (main) DEBUG [DataNucleus.Persistence] - TypeConverter(s) available for java.math.BigInteger to : java.lang.String,java.nio.ByteBuffer,java.lang.Long
13:31:45,728 (main) DEBUG [DataNucleus.Persistence] - TypeConverter(s) available for java.net.URI to : java.lang.String
13:31:45,728 (main) DEBUG [DataNucleus.Persistence] - TypeConverter(s) available for java.net.URL to : java.lang.String
13:31:45,728 (main) DEBUG [DataNucleus.Persistence] - TypeConverter(s) available for java.sql.Date to : java.lang.String,java.util.Date,java.lang.Long
13:31:45,728 (main) DEBUG [DataNucleus.Persistence] - TypeConverter(s) available for java.sql.Time to : java.lang.String,java.util.Date,java.lang.Long
13:31:45,728 (main) DEBUG [DataNucleus.Persistence] - TypeConverter(s) available for java.sql.Timestamp to : java.lang.String,java.util.Date,java.lang.Long
13:31:45,728 (main) DEBUG [DataNucleus.Persistence] - TypeConverter(s) available for java.util.BitSet to : java.lang.String
13:31:45,728 (main) DEBUG [DataNucleus.Persistence] - TypeConverter(s) available for java.util.Calendar to : java.lang.String,[Ljava.lang.Object;,java.util.Date,java.sql.Timestamp
13:31:45,728 (main) DEBUG [DataNucleus.Persistence] - TypeConverter(s) available for java.util.Currency to : java.lang.String
13:31:45,728 (main) DEBUG [DataNucleus.Persistence] - TypeConverter(s) available for java.util.Date to : java.lang.String,java.lang.Long
13:31:45,728 (main) DEBUG [DataNucleus.Persistence] - TypeConverter(s) available for java.util.Locale to : java.lang.String
13:31:45,728 (main) DEBUG [DataNucleus.Persistence] - TypeConverter(s) available for java.util.TimeZone to : java.lang.String
13:31:45,728 (main) DEBUG [DataNucleus.Persistence] - TypeConverter(s) available for java.util.UUID to : java.lang.String
13:31:45,728 (main) DEBUG [DataNucleus.MetaData] - MetaDataManager : Input=(XML,Annotations), XML-Validation=false, XML-Suffices=(persistence=*.jdo, orm=orm, query=*.jdoquery), JDO-listener=false
13:31:45,728 (main) INFO  [DataNucleus.Enhancer] - DataNucleus Enhancer (version 4.0.3) for API "JDO"
13:31:45,728 (main) DEBUG [DataNucleus.Enhancer] - DataNucleus Enhancer : Classpath
13:31:45,728 (main) DEBUG [DataNucleus.Enhancer] - >>  C:\Users\wos\.m2\repository\org\datanucleus\datanucleus-maven-plugin\4.0.0-m2\datanucleus-maven-plugin-4.0.0-m2.jar
13:31:45,728 (main) DEBUG [DataNucleus.Enhancer] - >>  C:\Users\wos\.m2\repository\org\codehaus\plexus\plexus-utils\3.0.8\plexus-utils-3.0.8.jar
13:31:45,728 (main) DEBUG [DataNucleus.Enhancer] - >>  C:\Users\wos\.m2\repository\org\codehaus\plexus\plexus-component-annotations\1.5.5\plexus-component-annotations-1.5.5.jar
13:31:45,728 (main) DEBUG [DataNucleus.Enhancer] - >>  C:\Users\wos\.m2\repository\org\sonatype\sisu\sisu-inject-bean\2.3.0\sisu-inject-bean-2.3.0.jar
13:31:45,728 (main) DEBUG [DataNucleus.Enhancer] - >>  C:\Users\wos\.m2\repository\org\sonatype\sisu\sisu-guice\3.1.0\sisu-guice-3.1.0-no_aop.jar
13:31:45,728 (main) DEBUG [DataNucleus.Enhancer] - >>  C:\Users\wos\.m2\repository\org\sonatype\sisu\sisu-guava\0.9.9\sisu-guava-0.9.9.jar
13:31:45,728 (main) DEBUG [DataNucleus.Enhancer] - >>  C:\Users\wos\.m2\repository\org\apache\xbean\xbean-reflect\3.4\xbean-reflect-3.4.jar
13:31:45,728 (main) DEBUG [DataNucleus.Enhancer] - >>  C:\Users\wos\.m2\repository\log4j\log4j\1.2.12\log4j-1.2.12.jar
13:31:45,728 (main) DEBUG [DataNucleus.Enhancer] - >>  C:\Users\wos\.m2\repository\commons-logging\commons-logging-api\1.1\commons-logging-api-1.1.jar
13:31:45,728 (main) DEBUG [DataNucleus.Enhancer] - >>  C:\Users\wos\.m2\repository\com\google\collections\google-collections\1.0\google-collections-1.0.jar
13:31:45,728 (main) DEBUG [DataNucleus.Enhancer] - >>  C:\Users\wos\.m2\repository\junit\junit\3.8.2\junit-3.8.2.jar
13:31:45,728 (main) DEBUG [DataNucleus.Enhancer] - >>  C:\Users\wos\Documents\NetBeansProjects\Protozoa\model\mysql\target\classes
13:31:45,728 (main) DEBUG [DataNucleus.Enhancer] - >>  C:\Users\wos\.m2\repository\org\datanucleus\datanucleus-core\4.0.3\datanucleus-core-4.0.3.jar
13:31:45,728 (main) DEBUG [DataNucleus.Enhancer] - >>  C:\Users\wos\.m2\repository\org\datanucleus\datanucleus-rdbms\4.0.4\datanucleus-rdbms-4.0.4.jar
13:31:45,728 (main) DEBUG [DataNucleus.Enhancer] - >>  C:\Users\wos\.m2\repository\org\datanucleus\datanucleus-api-jdo\4.0.3\datanucleus-api-jdo-4.0.3.jar
13:31:45,728 (main) DEBUG [DataNucleus.Enhancer] - >>  C:\Users\wos\.m2\repository\javax\jdo\jdo-api\3.1-rc1\jdo-api-3.1-rc1.jar
13:31:45,728 (main) DEBUG [DataNucleus.Enhancer] - >>  C:\Users\wos\.m2\repository\javax\transaction\transaction-api\1.1\transaction-api-1.1.jar
13:31:45,728 (main) DEBUG [DataNucleus.Enhancer] - >>  C:\Users\wos\Documents\NetBeansProjects\Protozoa\model\api\target\api-1.0.0-SNAPSHOT.jar
13:31:45,728 (main) DEBUG [DataNucleus.Enhancer] - >>  C:\Users\wos\.m2\repository\org\woz\protozoa\system\core\1.0.0-SNAPSHOT\core-1.0.0-SNAPSHOT.jar
13:31:45,728 (main) DEBUG [DataNucleus.Enhancer] - >>  C:\Users\wos\.m2\repository\org\slf4j\slf4j-simple\1.7.7\slf4j-simple-1.7.7.jar
13:31:45,728 (main) DEBUG [DataNucleus.Enhancer] - >>  C:\Users\wos\.m2\repository\mysql\mysql-connector-java\5.1.32\mysql-connector-java-5.1.32.jar
13:31:45,728 (main) DEBUG [DataNucleus.Enhancer] - >>  C:\Users\wos\.m2\repository\org\slf4j\slf4j-api\1.7.7\slf4j-api-1.7.7.jar
13:31:45,728 (main) DEBUG [DataNucleus.Enhancer] - >>  C:\Users\wos\.m2\repository\org\osgi\org.osgi.core\5.0.0\org.osgi.core-5.0.0.jar
13:31:45,728 (main) DEBUG [DataNucleus.Enhancer] - >>  C:\Users\wos\.m2\repository\commons-lang\commons-lang\2.6\commons-lang-2.6.jar
13:31:45,728 (main) DEBUG [DataNucleus.Enhancer] - Reading fileListFile: C:\Users\wos\AppData\Local\Temp\enhancer-4762269957723062130.flf
13:31:45,743 (main) DEBUG [DataNucleus.Enhancer] - Enhancing classes
13:31:45,790 (main) DEBUG [DataNucleus.MetaData] - MetaData Management : Loading Metadata for classes "[org.woz.protozoa.model.mysql.Device, org.woz.protozoa.model.mysql.internal.Activator, org.woz.protozoa.model.mysql.Location]" ...
13:31:45,930 (main) DEBUG [DataNucleus.MetaData] - Class "org.woz.protozoa.model.mysql.Device" has been specified with JDO annotations so using those.
13:31:45,946 (main) DEBUG [DataNucleus.MetaData] - MetaData of type "jdo" for class "org.woz.protozoa.model.mysql.internal.Activator" NOT found at /META-INF/package.jdo
13:31:45,946 (main) DEBUG [DataNucleus.MetaData] - MetaData of type "jdo" for class "org.woz.protozoa.model.mysql.internal.Activator" NOT found at /WEB-INF/package.jdo
13:31:45,946 (main) DEBUG [DataNucleus.MetaData] - MetaData of type "jdo" for class "org.woz.protozoa.model.mysql.internal.Activator" NOT found at /package.jdo
13:31:45,946 (main) DEBUG [DataNucleus.MetaData] - MetaData of type "jdo" for class "org.woz.protozoa.model.mysql.internal.Activator" NOT found at /org/package.jdo
13:31:45,946 (main) DEBUG [DataNucleus.MetaData] - MetaData of type "jdo" for class "org.woz.protozoa.model.mysql.internal.Activator" NOT found at /org.jdo
13:31:45,946 (main) DEBUG [DataNucleus.MetaData] - MetaData of type "jdo" for class "org.woz.protozoa.model.mysql.internal.Activator" NOT found at /org/woz/package.jdo
13:31:45,962 (main) DEBUG [DataNucleus.MetaData] - MetaData of type "jdo" for class "org.woz.protozoa.model.mysql.internal.Activator" NOT found at /org/woz.jdo
13:31:45,962 (main) DEBUG [DataNucleus.MetaData] - MetaData of type "jdo" for class "org.woz.protozoa.model.mysql.internal.Activator" NOT found at /org/woz/protozoa/package.jdo
13:31:45,962 (main) DEBUG [DataNucleus.MetaData] - MetaData of type "jdo" for class "org.woz.protozoa.model.mysql.internal.Activator" NOT found at /org/woz/protozoa.jdo
13:31:45,962 (main) DEBUG [DataNucleus.MetaData] - MetaData of type "jdo" for class "org.woz.protozoa.model.mysql.internal.Activator" NOT found at /org/woz/protozoa/model/package.jdo
13:31:45,962 (main) DEBUG [DataNucleus.MetaData] - MetaData of type "jdo" for class "org.woz.protozoa.model.mysql.internal.Activator" NOT found at /org/woz/protozoa/model.jdo
13:31:45,962 (main) DEBUG [DataNucleus.MetaData] - MetaData of type "jdo" for class "org.woz.protozoa.model.mysql.internal.Activator" NOT found at /org/woz/protozoa/model/mysql/package.jdo
13:31:45,962 (main) DEBUG [DataNucleus.MetaData] - MetaData of type "jdo" for class "org.woz.protozoa.model.mysql.internal.Activator" NOT found at /org/woz/protozoa/model/mysql.jdo
13:31:45,962 (main) DEBUG [DataNucleus.MetaData] - MetaData of type "jdo" for class "org.woz.protozoa.model.mysql.internal.Activator" NOT found at /org/woz/protozoa/model/mysql/internal/package.jdo
13:31:45,962 (main) DEBUG [DataNucleus.MetaData] - MetaData of type "jdo" for class "org.woz.protozoa.model.mysql.internal.Activator" NOT found at /org/woz/protozoa/model/mysql/internal.jdo
13:31:45,962 (main) DEBUG [DataNucleus.MetaData] - MetaData of type "jdo" for class "org.woz.protozoa.model.mysql.internal.Activator" NOT found at /org/woz/protozoa/model/mysql/internal/Activator.jdo
13:31:45,962 (main) DEBUG [DataNucleus.MetaData] - MetaData of type "jdo" for class "org.woz.protozoa.model.mysql.internal.Activator" not found
13:31:45,962 (main) DEBUG [DataNucleus.MetaData] - Registering class "org.woz.protozoa.model.mysql.internal.Activator" as not having MetaData.
13:31:45,962 (main) DEBUG [DataNucleus.MetaData] - Class "org.woz.protozoa.model.mysql.internal.Activator" has no MetaData or annotations.
13:31:45,962 (main) DEBUG [DataNucleus.MetaData] - Class "org.woz.protozoa.model.mysql.Location" has been specified with JDO annotations so using those.
13:31:45,977 (main) DEBUG [DataNucleus.MetaData] - Populating all MetaData ...
13:31:45,977 (main) DEBUG [DataNucleus.MetaData] - Class "org.woz.protozoa.model.mysql.Device" : Populating Meta-Data
13:31:45,977 (main) DEBUG [DataNucleus.MetaData] - MetaData of type "jdo" for class "org.woz.protozoa.core.item.AbstractItem" NOT found at /META-INF/package.jdo
13:31:45,977 (main) DEBUG [DataNucleus.MetaData] - MetaData of type "jdo" for class "org.woz.protozoa.core.item.AbstractItem" NOT found at /WEB-INF/package.jdo
13:31:45,977 (main) DEBUG [DataNucleus.MetaData] - MetaData of type "jdo" for class "org.woz.protozoa.core.item.AbstractItem" NOT found at /package.jdo
13:31:45,977 (main) DEBUG [DataNucleus.MetaData] - MetaData of type "jdo" for class "org.woz.protozoa.core.item.AbstractItem" NOT found at /org/package.jdo
13:31:45,977 (main) DEBUG [DataNucleus.MetaData] - MetaData of type "jdo" for class "org.woz.protozoa.core.item.AbstractItem" NOT found at /org.jdo
13:31:45,977 (main) DEBUG [DataNucleus.MetaData] - MetaData of type "jdo" for class "org.woz.protozoa.core.item.AbstractItem" NOT found at /org/woz/package.jdo
13:31:45,993 (main) DEBUG [DataNucleus.MetaData] - MetaData of type "jdo" for class "org.woz.protozoa.core.item.AbstractItem" NOT found at /org/woz.jdo
13:31:45,993 (main) DEBUG [DataNucleus.MetaData] - MetaData of type "jdo" for class "org.woz.protozoa.core.item.AbstractItem" NOT found at /org/woz/protozoa/package.jdo
13:31:45,993 (main) DEBUG [DataNucleus.MetaData] - MetaData of type "jdo" for class "org.woz.protozoa.core.item.AbstractItem" NOT found at /org/woz/protozoa.jdo
13:31:45,993 (main) DEBUG [DataNucleus.MetaData] - MetaData of type "jdo" for class "org.woz.protozoa.core.item.AbstractItem" NOT found at /org/woz/protozoa/core/package.jdo
13:31:45,993 (main) DEBUG [DataNucleus.MetaData] - MetaData of type "jdo" for class "org.woz.protozoa.core.item.AbstractItem" NOT found at /org/woz/protozoa/core.jdo
13:31:45,993 (main) DEBUG [DataNucleus.MetaData] - MetaData of type "jdo" for class "org.woz.protozoa.core.item.AbstractItem" NOT found at /org/woz/protozoa/core/item/package.jdo
13:31:45,993 (main) DEBUG [DataNucleus.MetaData] - MetaData of type "jdo" for class "org.woz.protozoa.core.item.AbstractItem" NOT found at /org/woz/protozoa/core/item.jdo
13:31:45,993 (main) DEBUG [DataNucleus.MetaData] - MetaData of type "jdo" for class "org.woz.protozoa.core.item.AbstractItem" NOT found at /org/woz/protozoa/core/item/AbstractItem.jdo
13:31:45,993 (main) DEBUG [DataNucleus.MetaData] - MetaData of type "jdo" for class "org.woz.protozoa.core.item.AbstractItem" not found
13:31:45,993 (main) DEBUG [DataNucleus.MetaData] - Class "org.woz.protozoa.core.item.AbstractItem" has been specified with JDO annotations so using those.
13:31:45,993 (main) DEBUG [DataNucleus.MetaData] - Class "org.woz.protozoa.core.item.AbstractItem" : Populating Meta-Data
13:31:45,993 (main) DEBUG [DataNucleus.MetaData] - Class "org.woz.protozoa.core.item.AbstractItem" field "name" : Adding Meta-Data for field since it didnt appear in the Meta-Data definition.
13:31:45,993 (main) DEBUG [DataNucleus.MetaData] - Class "org.woz.protozoa.core.item.AbstractItem" field "description" : Adding Meta-Data for field since it didnt appear in the Meta-Data definition.
13:31:45,993 (main) DEBUG [DataNucleus.MetaData] - Class "org.woz.protozoa.model.mysql.Device" field "state" : Adding Meta-Data for field since it didnt appear in the Meta-Data definition.
13:31:45,993 (main) DEBUG [DataNucleus.MetaData] - Class "org.woz.protozoa.model.mysql.Device" field "type" : Adding Meta-Data for field since it didnt appear in the Meta-Data definition.
13:31:45,993 (main) DEBUG [DataNucleus.MetaData] - Class "org.woz.protozoa.model.mysql.Device" field "location" : Adding Meta-Data for field since it didnt appear in the Meta-Data definition.
13:31:45,993 (main) DEBUG [DataNucleus.MetaData] - Class "org.woz.protozoa.model.mysql.Device" field "parameters" : Adding Meta-Data for field since it didnt appear in the Meta-Data definition.
13:31:45,993 (main) DEBUG [DataNucleus.Persistence] - Java type org.woz.protozoa.core.type.State using the support for java.lang.Enum
13:31:45,993 (main) DEBUG [DataNucleus.MetaData] - MetaData of type "jdo" for class "org.woz.protozoa.core.type.State" NOT found at /META-INF/package.jdo
13:31:45,993 (main) DEBUG [DataNucleus.MetaData] - MetaData of type "jdo" for class "org.woz.protozoa.core.type.State" NOT found at /WEB-INF/package.jdo
13:31:45,993 (main) DEBUG [DataNucleus.MetaData] - MetaData of type "jdo" for class "org.woz.protozoa.core.type.State" NOT found at /package.jdo
13:31:45,993 (main) DEBUG [DataNucleus.MetaData] - MetaData of type "jdo" for class "org.woz.protozoa.core.type.State" NOT found at /org/package.jdo
13:31:45,993 (main) DEBUG [DataNucleus.MetaData] - MetaData of type "jdo" for class "org.woz.protozoa.core.type.State" NOT found at /org.jdo
13:31:45,993 (main) DEBUG [DataNucleus.MetaData] - MetaData of type "jdo" for class "org.woz.protozoa.core.type.State" NOT found at /org/woz/package.jdo
13:31:45,993 (main) DEBUG [DataNucleus.MetaData] - MetaData of type "jdo" for class "org.woz.protozoa.core.type.State" NOT found at /org/woz.jdo
13:31:45,993 (main) DEBUG [DataNucleus.MetaData] - MetaData of type "jdo" for class "org.woz.protozoa.core.type.State" NOT found at /org/woz/protozoa/package.jdo
13:31:46,008 (main) DEBUG [DataNucleus.MetaData] - MetaData of type "jdo" for class "org.woz.protozoa.core.type.State" NOT found at /org/woz/protozoa.jdo
13:31:46,008 (main) DEBUG [DataNucleus.MetaData] - MetaData of type "jdo" for class "org.woz.protozoa.core.type.State" NOT found at /org/woz/protozoa/core/package.jdo
13:31:46,008 (main) DEBUG [DataNucleus.MetaData] - MetaData of type "jdo" for class "org.woz.protozoa.core.type.State" NOT found at /org/woz/protozoa/core.jdo
13:31:46,008 (main) DEBUG [DataNucleus.MetaData] - MetaData of type "jdo" for class "org.woz.protozoa.core.type.State" NOT found at /org/woz/protozoa/core/type/package.jdo
13:31:46,008 (main) DEBUG [DataNucleus.MetaData] - MetaData of type "jdo" for class "org.woz.protozoa.core.type.State" NOT found at /org/woz/protozoa/core/type.jdo
13:31:46,008 (main) DEBUG [DataNucleus.MetaData] - MetaData of type "jdo" for class "org.woz.protozoa.core.type.State" NOT found at /org/woz/protozoa/core/type/State.jdo
13:31:46,008 (main) DEBUG [DataNucleus.MetaData] - MetaData of type "jdo" for class "org.woz.protozoa.core.type.State" not found
13:31:46,008 (main) DEBUG [DataNucleus.MetaData] - Registering class "org.woz.protozoa.core.type.State" as not having MetaData.
13:31:46,008 (main) DEBUG [DataNucleus.Persistence] - Java type org.woz.protozoa.core.type.Type using the support for java.lang.Enum
13:31:46,008 (main) DEBUG [DataNucleus.MetaData] - MetaData of type "jdo" for class "org.woz.protozoa.core.type.Type" NOT found at /META-INF/package.jdo
13:31:46,008 (main) DEBUG [DataNucleus.MetaData] - MetaData of type "jdo" for class "org.woz.protozoa.core.type.Type" NOT found at /WEB-INF/package.jdo
13:31:46,008 (main) DEBUG [DataNucleus.MetaData] - MetaData of type "jdo" for class "org.woz.protozoa.core.type.Type" NOT found at /package.jdo
13:31:46,008 (main) DEBUG [DataNucleus.MetaData] - MetaData of type "jdo" for class "org.woz.protozoa.core.type.Type" NOT found at /org/package.jdo
13:31:46,008 (main) DEBUG [DataNucleus.MetaData] - MetaData of type "jdo" for class "org.woz.protozoa.core.type.Type" NOT found at /org.jdo
13:31:46,008 (main) DEBUG [DataNucleus.MetaData] - MetaData of type "jdo" for class "org.woz.protozoa.core.type.Type" NOT found at /org/woz/package.jdo
13:31:46,008 (main) DEBUG [DataNucleus.MetaData] - MetaData of type "jdo" for class "org.woz.protozoa.core.type.Type" NOT found at /org/woz.jdo
13:31:46,008 (main) DEBUG [DataNucleus.MetaData] - MetaData of type "jdo" for class "org.woz.protozoa.core.type.Type" NOT found at /org/woz/protozoa/package.jdo
13:31:46,008 (main) DEBUG [DataNucleus.MetaData] - MetaData of type "jdo" for class "org.woz.protozoa.core.type.Type" NOT found at /org/woz/protozoa.jdo
13:31:46,008 (main) DEBUG [DataNucleus.MetaData] - MetaData of type "jdo" for class "org.woz.protozoa.core.type.Type" NOT found at /org/woz/protozoa/core/package.jdo
13:31:46,008 (main) DEBUG [DataNucleus.MetaData] - MetaData of type "jdo" for class "org.woz.protozoa.core.type.Type" NOT found at /org/woz/protozoa/core.jdo
13:31:46,024 (main) DEBUG [DataNucleus.MetaData] - MetaData of type "jdo" for class "org.woz.protozoa.core.type.Type" NOT found at /org/woz/protozoa/core/type/package.jdo
13:31:46,024 (main) DEBUG [DataNucleus.MetaData] - MetaData of type "jdo" for class "org.woz.protozoa.core.type.Type" NOT found at /org/woz/protozoa/core/type.jdo
13:31:46,024 (main) DEBUG [DataNucleus.MetaData] - MetaData of type "jdo" for class "org.woz.protozoa.core.type.Type" NOT found at /org/woz/protozoa/core/type/Type.jdo
13:31:46,024 (main) DEBUG [DataNucleus.MetaData] - MetaData of type "jdo" for class "org.woz.protozoa.core.type.Type" not found
13:31:46,024 (main) DEBUG [DataNucleus.MetaData] - Registering class "org.woz.protozoa.core.type.Type" as not having MetaData.
13:31:46,024 (main) DEBUG [DataNucleus.MetaData] - Class "org.woz.protozoa.model.mysql.Location" : Populating Meta-Data
13:31:46,024 (main) DEBUG [DataNucleus.MetaData] - Class "org.woz.protozoa.model.mysql.Location" field "state" : Adding Meta-Data for field since it didnt appear in the Meta-Data definition.
13:31:46,024 (main) DEBUG [DataNucleus.MetaData] - Class "org.woz.protozoa.model.mysql.Location" field "type" : Adding Meta-Data for field since it didnt appear in the Meta-Data definition.
13:31:46,024 (main) DEBUG [DataNucleus.MetaData] - Initialising all MetaData ...
13:31:46,024 (main) DEBUG [DataNucleus.MetaData] - Class "org.woz.protozoa.core.item.AbstractItem" : Initialising Meta-Data
13:31:46,024 (main) DEBUG [DataNucleus.MetaData] - Class "org.woz.protozoa.model.mysql.Device" : Initialising Meta-Data
13:31:46,024 (main) DEBUG [DataNucleus.MetaData] - Class "org.woz.protozoa.model.mysql.Location" : Initialising Meta-Data
13:31:46,024 (main) DEBUG [DataNucleus.MetaData] - MetaData Management : Load of Metadata complete
13:31:46,024 (main) DEBUG [DataNucleus.Enhancer] - Enhance of class "org.woz.protozoa.model.mysql.Device" starting ...
13:31:46,040 (main) DEBUG [DataNucleus.Enhancer] - Class "org.woz.protozoa.model.mysql.Device" doesnt implement the interface "org.datanucleus.enhancer.Persistable" but is required
13:31:46,040 (main) DEBUG [DataNucleus.Enhancer] - Class "org.woz.protozoa.model.mysql.Device" doesnt have field "dnFieldFlags" but is required
13:31:46,040 (main) DEBUG [DataNucleus.Enhancer] - Class "org.woz.protozoa.model.mysql.Device" doesnt have field "dnInheritedFieldCount" but is required
13:31:46,040 (main) DEBUG [DataNucleus.Enhancer] - Class "org.woz.protozoa.model.mysql.Device" doesnt have field "dnPersistableSuperclass" but is required
13:31:46,040 (main) DEBUG [DataNucleus.Enhancer] - Class "org.woz.protozoa.model.mysql.Device" doesnt have field "dnFieldNames" but is required
13:31:46,040 (main) DEBUG [DataNucleus.Enhancer] - Class "org.woz.protozoa.model.mysql.Device" doesnt have field "dnFieldTypes" but is required
13:31:46,040 (main) DEBUG [DataNucleus.Enhancer] - Class "org.woz.protozoa.model.mysql.Device" doesnt have method "__dnFieldTypesInit" but is required
13:31:46,040 (main) DEBUG [DataNucleus.Enhancer] - Class "org.woz.protozoa.model.mysql.Device" doesnt have method "__dnPersistableSuperclassInit" but is required
13:31:46,040 (main) DEBUG [DataNucleus.Enhancer] - Class "org.woz.protozoa.model.mysql.Device" doesnt have method "dnNewInstance" but is required
13:31:46,040 (main) DEBUG [DataNucleus.Enhancer] - Class "org.woz.protozoa.model.mysql.Device" doesnt have method "dnNewInstance" but is required
13:31:46,040 (main) DEBUG [DataNucleus.Enhancer] - Class "org.woz.protozoa.model.mysql.Device" doesnt have method "__dnGetInheritedFieldCount" but is required
13:31:46,040 (main) DEBUG [DataNucleus.Enhancer] - Class "org.woz.protozoa.model.mysql.Device" doesnt have method "dnProvideField" but is required
13:31:46,040 (main) DEBUG [DataNucleus.Enhancer] - Class "org.woz.protozoa.model.mysql.Device" doesnt have method "dnGetManagedFieldCount" but is required
13:31:46,040 (main) DEBUG [DataNucleus.Enhancer] - Class "org.woz.protozoa.model.mysql.Device" doesnt have method "dnReplaceField" but is required
13:31:46,040 (main) DEBUG [DataNucleus.Enhancer] - Class "org.woz.protozoa.model.mysql.Device" doesnt have method "__dnFieldNamesInit" but is required
13:31:46,040 (main) DEBUG [DataNucleus.Enhancer] - Class "org.woz.protozoa.model.mysql.Device" doesnt have method "dnCopyFields" but is required
13:31:46,040 (main) DEBUG [DataNucleus.Enhancer] - Class "org.woz.protozoa.model.mysql.Device" doesnt have method "__dnFieldFlagsInit" but is required
13:31:46,040 (main) DEBUG [DataNucleus.Enhancer] - Class "org.woz.protozoa.model.mysql.Device" doesnt have method "dnCopyField" but is required
13:31:46,040 (main) DEBUG [DataNucleus.Enhancer] - Class "org.woz.protozoa.model.mysql.Device" doesnt have method "___dn$loadClass" but is required
13:31:46,040 (main) DEBUG [DataNucleus.Enhancer] - Class "org.woz.protozoa.model.mysql.Device" doesnt have method "dnIsDetached" but is required
13:31:46,040 (main) DEBUG [DataNucleus.Enhancer] - Class "org.woz.protozoa.model.mysql.Device" doesnt have method "dnSuperClone" but is required
13:31:46,040 (main) DEBUG [DataNucleus.Enhancer] - Adding interface: org.datanucleus.enhancer.Persistable
13:31:46,055 (main) DEBUG [DataNucleus.Enhancer] - Enhancing original method org.woz.protozoa.model.mysql.Device.<init> : omitting enhance of set of field "org.woz.protozoa.model.mysql.Device.parameters"
13:31:46,055 (main) DEBUG [DataNucleus.Enhancer] - Enhancing original method org.woz.protozoa.model.mysql.Device.<init> : omitting enhance of set of field "org.woz.protozoa.model.mysql.Device.state"
13:31:46,055 (main) DEBUG [DataNucleus.Enhancer] - Enhancing original method org.woz.protozoa.model.mysql.Device.<init> : omitting enhance of set of field "org.woz.protozoa.model.mysql.Device.type"
13:31:46,055 (main) DEBUG [DataNucleus.Enhancer] - Enhancing original method org.woz.protozoa.model.mysql.Device.setLocation changing field "org.woz.protozoa.model.mysql.Device.location" for call to "dnSetlocation()"
13:31:46,055 (main) DEBUG [DataNucleus.Enhancer] - Enhancing original method org.woz.protozoa.model.mysql.Device.getLocation changing field "org.woz.protozoa.model.mysql.Device.location" for call to "dnGetlocation()"
13:31:46,055 (main) DEBUG [DataNucleus.Enhancer] - Enhancing original method org.woz.protozoa.model.mysql.Device.setState changing field "org.woz.protozoa.model.mysql.Device.state" for call to "dnSetstate()"
13:31:46,055 (main) DEBUG [DataNucleus.Enhancer] - Enhancing original method org.woz.protozoa.model.mysql.Device.getState changing field "org.woz.protozoa.model.mysql.Device.state" for call to "dnGetstate()"
13:31:46,055 (main) DEBUG [DataNucleus.Enhancer] - Enhancing original method org.woz.protozoa.model.mysql.Device.setType changing field "org.woz.protozoa.model.mysql.Device.type" for call to "dnSettype()"
13:31:46,055 (main) DEBUG [DataNucleus.Enhancer] - Enhancing original method org.woz.protozoa.model.mysql.Device.getType changing field "org.woz.protozoa.model.mysql.Device.type" for call to "dnGettype()"
13:31:46,055 (main) DEBUG [DataNucleus.Enhancer] - Adding field "[B dnFieldFlags"
13:31:46,055 (main) DEBUG [DataNucleus.Enhancer] - Adding field "java.lang.Class dnPersistableSuperclass"
13:31:46,055 (main) DEBUG [DataNucleus.Enhancer] - Adding field "[Ljava.lang.Class; dnFieldTypes"
13:31:46,055 (main) DEBUG [DataNucleus.Enhancer] - Adding field "[Ljava.lang.String; dnFieldNames"
13:31:46,055 (main) DEBUG [DataNucleus.Enhancer] - Adding field "int dnInheritedFieldCount"
13:31:46,055 (main) DEBUG [DataNucleus.Enhancer] - Adding method "void <clinit>()"
13:31:46,055 (main) DEBUG [DataNucleus.Enhancer] - Adding constructor "org.woz.protozoa.model.mysql.Device()"
13:31:46,055 (main) DEBUG [DataNucleus.Enhancer] - Adding method "boolean dnIsDetached()"
13:31:46,055 (main) DEBUG [DataNucleus.Enhancer] - Adding method "org.datanucleus.enhancer.Persistable dnNewInstance(interface org.datanucleus.state.StateManager sm)"
13:31:46,055 (main) DEBUG [DataNucleus.Enhancer] - Adding method "org.datanucleus.enhancer.Persistable dnNewInstance(interface org.datanucleus.state.StateManager sm, class java.lang.Object obj)"
13:31:46,055 (main) DEBUG [DataNucleus.Enhancer] - Adding method "void dnReplaceField(int index)"
13:31:46,055 (main) DEBUG [DataNucleus.Enhancer] - Adding method "void dnProvideField(int index)"
13:31:46,055 (main) DEBUG [DataNucleus.Enhancer] - Adding method "void dnCopyField(class org.woz.protozoa.model.mysql.Device obj, int index)"
13:31:46,055 (main) DEBUG [DataNucleus.Enhancer] - Adding method "void dnCopyFields(class java.lang.Object obj, class [I indices)"
13:31:46,055 (main) DEBUG [DataNucleus.Enhancer] - Adding method "[Ljava.lang.String; __dnFieldNamesInit()"
13:31:46,055 (main) DEBUG [DataNucleus.Enhancer] - Adding method "[Ljava.lang.Class; __dnFieldTypesInit()"
13:31:46,055 (main) DEBUG [DataNucleus.Enhancer] - Adding method "[B __dnFieldFlagsInit()"
13:31:46,055 (main) DEBUG [DataNucleus.Enhancer] - Adding method "int __dnGetInheritedFieldCount()"
13:31:46,055 (main) DEBUG [DataNucleus.Enhancer] - Adding method "int dnGetManagedFieldCount()"
13:31:46,055 (main) DEBUG [DataNucleus.Enhancer] - Adding method "java.lang.Class __dnPersistableSuperclassInit()"
13:31:46,055 (main) DEBUG [DataNucleus.Enhancer] - Adding method "java.lang.Class ___dn$loadClass(class java.lang.String className)"
13:31:46,055 (main) DEBUG [DataNucleus.Enhancer] - Adding method "java.lang.Object dnSuperClone()"
13:31:46,071 (main) DEBUG [DataNucleus.Enhancer] - Adding method "org.woz.protozoa.model.mysql.Location dnGetlocation(class org.woz.protozoa.model.mysql.Device objPC)"
13:31:46,071 (main) DEBUG [DataNucleus.Enhancer] - Adding method "void dnSetlocation(class org.woz.protozoa.model.mysql.Device objPC, class org.woz.protozoa.model.mysql.Location val)"
13:31:46,071 (main) DEBUG [DataNucleus.Enhancer] - Adding method "org.woz.protozoa.core.type.State dnGetstate(class org.woz.protozoa.model.mysql.Device objPC)"
13:31:46,071 (main) DEBUG [DataNucleus.Enhancer] - Adding method "void dnSetstate(class org.woz.protozoa.model.mysql.Device objPC, class org.woz.protozoa.core.type.State val)"
13:31:46,071 (main) DEBUG [DataNucleus.Enhancer] - Adding method "org.woz.protozoa.core.type.Type dnGettype(class org.woz.protozoa.model.mysql.Device objPC)"
13:31:46,071 (main) DEBUG [DataNucleus.Enhancer] - Adding method "void dnSettype(class org.woz.protozoa.model.mysql.Device objPC, class org.woz.protozoa.core.type.Type val)"
13:31:46,071 (main) INFO  [DataNucleus.Enhancer] - Writing class file "C:\Users\wos\Documents\NetBeansProjects\Protozoa\model\mysql\target\classes\org\woz\protozoa\model\mysql\Device.class" with enhanced definition
13:31:46,071 (main) DEBUG [DataNucleus.Enhancer] - Enhance of class "org.woz.protozoa.model.mysql.Device" completed
13:31:46,071 (main) DEBUG [DataNucleus.Enhancer] - Enhance of class "org.woz.protozoa.model.mysql.Location" starting ...
13:31:46,071 (main) DEBUG [DataNucleus.Enhancer] - Class "org.woz.protozoa.model.mysql.Location" doesnt implement the interface "org.datanucleus.enhancer.Persistable" but is required
13:31:46,071 (main) DEBUG [DataNucleus.Enhancer] - Class "org.woz.protozoa.model.mysql.Location" doesnt have field "dnFieldFlags" but is required
13:31:46,071 (main) DEBUG [DataNucleus.Enhancer] - Class "org.woz.protozoa.model.mysql.Location" doesnt have field "dnInheritedFieldCount" but is required
13:31:46,071 (main) DEBUG [DataNucleus.Enhancer] - Class "org.woz.protozoa.model.mysql.Location" doesnt have field "dnPersistableSuperclass" but is required
13:31:46,071 (main) DEBUG [DataNucleus.Enhancer] - Class "org.woz.protozoa.model.mysql.Location" doesnt have field "dnFieldNames" but is required
13:31:46,071 (main) DEBUG [DataNucleus.Enhancer] - Class "org.woz.protozoa.model.mysql.Location" doesnt have field "dnFieldTypes" but is required
13:31:46,071 (main) DEBUG [DataNucleus.Enhancer] - Class "org.woz.protozoa.model.mysql.Location" doesnt have method "__dnFieldTypesInit" but is required
13:31:46,071 (main) DEBUG [DataNucleus.Enhancer] - Class "org.woz.protozoa.model.mysql.Location" doesnt have method "__dnPersistableSuperclassInit" but is required
13:31:46,071 (main) DEBUG [DataNucleus.Enhancer] - Class "org.woz.protozoa.model.mysql.Location" doesnt have method "dnNewInstance" but is required
13:31:46,071 (main) DEBUG [DataNucleus.Enhancer] - Class "org.woz.protozoa.model.mysql.Location" doesnt have method "dnNewInstance" but is required
13:31:46,071 (main) DEBUG [DataNucleus.Enhancer] - Class "org.woz.protozoa.model.mysql.Location" doesnt have method "__dnGetInheritedFieldCount" but is required
13:31:46,071 (main) DEBUG [DataNucleus.Enhancer] - Class "org.woz.protozoa.model.mysql.Location" doesnt have method "dnProvideField" but is required
13:31:46,071 (main) DEBUG [DataNucleus.Enhancer] - Class "org.woz.protozoa.model.mysql.Location" doesnt have method "dnGetManagedFieldCount" but is required
13:31:46,071 (main) DEBUG [DataNucleus.Enhancer] - Class "org.woz.protozoa.model.mysql.Location" doesnt have method "dnReplaceField" but is required
13:31:46,071 (main) DEBUG [DataNucleus.Enhancer] - Class "org.woz.protozoa.model.mysql.Location" doesnt have method "__dnFieldNamesInit" but is required
13:31:46,071 (main) DEBUG [DataNucleus.Enhancer] - Class "org.woz.protozoa.model.mysql.Location" doesnt have method "dnCopyFields" but is required
13:31:46,071 (main) DEBUG [DataNucleus.Enhancer] - Class "org.woz.protozoa.model.mysql.Location" doesnt have method "__dnFieldFlagsInit" but is required
13:31:46,071 (main) DEBUG [DataNucleus.Enhancer] - Class "org.woz.protozoa.model.mysql.Location" doesnt have method "dnCopyField" but is required
13:31:46,071 (main) DEBUG [DataNucleus.Enhancer] - Class "org.woz.protozoa.model.mysql.Location" doesnt have method "___dn$loadClass" but is required
13:31:46,071 (main) DEBUG [DataNucleus.Enhancer] - Class "org.woz.protozoa.model.mysql.Location" doesnt have method "dnIsDetached" but is required
13:31:46,071 (main) DEBUG [DataNucleus.Enhancer] - Class "org.woz.protozoa.model.mysql.Location" doesnt have method "dnSuperClone" but is required
13:31:46,071 (main) DEBUG [DataNucleus.Enhancer] - Adding interface: org.datanucleus.enhancer.Persistable
13:31:46,071 (main) DEBUG [DataNucleus.Enhancer] - Enhancing original method org.woz.protozoa.model.mysql.Location.<init> : omitting enhance of set of field "org.woz.protozoa.model.mysql.Location.devices"
13:31:46,071 (main) DEBUG [DataNucleus.Enhancer] - Enhancing original method org.woz.protozoa.model.mysql.Location.setState changing field "org.woz.protozoa.model.mysql.Location.state" for call to "dnSetstate()"
13:31:46,071 (main) DEBUG [DataNucleus.Enhancer] - Enhancing original method org.woz.protozoa.model.mysql.Location.getState changing field "org.woz.protozoa.model.mysql.Location.state" for call to "dnGetstate()"
13:31:46,071 (main) DEBUG [DataNucleus.Enhancer] - Enhancing original method org.woz.protozoa.model.mysql.Location.setType changing field "org.woz.protozoa.model.mysql.Location.type" for call to "dnSettype()"
13:31:46,071 (main) DEBUG [DataNucleus.Enhancer] - Enhancing original method org.woz.protozoa.model.mysql.Location.getType changing field "org.woz.protozoa.model.mysql.Location.type" for call to "dnGettype()"
13:31:46,071 (main) DEBUG [DataNucleus.Enhancer] - Adding field "[B dnFieldFlags"
13:31:46,071 (main) DEBUG [DataNucleus.Enhancer] - Adding field "java.lang.Class dnPersistableSuperclass"
13:31:46,071 (main) DEBUG [DataNucleus.Enhancer] - Adding field "[Ljava.lang.Class; dnFieldTypes"
13:31:46,071 (main) DEBUG [DataNucleus.Enhancer] - Adding field "[Ljava.lang.String; dnFieldNames"
13:31:46,071 (main) DEBUG [DataNucleus.Enhancer] - Adding field "int dnInheritedFieldCount"
13:31:46,071 (main) DEBUG [DataNucleus.Enhancer] - Adding method "void <clinit>()"
13:31:46,071 (main) DEBUG [DataNucleus.Enhancer] - Adding constructor "org.woz.protozoa.model.mysql.Location()"
13:31:46,071 (main) DEBUG [DataNucleus.Enhancer] - Adding method "boolean dnIsDetached()"
13:31:46,071 (main) DEBUG [DataNucleus.Enhancer] - Adding method "org.datanucleus.enhancer.Persistable dnNewInstance(interface org.datanucleus.state.StateManager sm)"
13:31:46,071 (main) DEBUG [DataNucleus.Enhancer] - Adding method "org.datanucleus.enhancer.Persistable dnNewInstance(interface org.datanucleus.state.StateManager sm, class java.lang.Object obj)"
13:31:46,071 (main) DEBUG [DataNucleus.Enhancer] - Adding method "void dnReplaceField(int index)"
13:31:46,071 (main) DEBUG [DataNucleus.Enhancer] - Adding method "void dnProvideField(int index)"
13:31:46,071 (main) DEBUG [DataNucleus.Enhancer] - Adding method "void dnCopyField(class org.woz.protozoa.model.mysql.Location obj, int index)"
13:31:46,071 (main) DEBUG [DataNucleus.Enhancer] - Adding method "void dnCopyFields(class java.lang.Object obj, class [I indices)"
13:31:46,071 (main) DEBUG [DataNucleus.Enhancer] - Adding method "[Ljava.lang.String; __dnFieldNamesInit()"
13:31:46,071 (main) DEBUG [DataNucleus.Enhancer] - Adding method "[Ljava.lang.Class; __dnFieldTypesInit()"
13:31:46,071 (main) DEBUG [DataNucleus.Enhancer] - Adding method "[B __dnFieldFlagsInit()"
13:31:46,071 (main) DEBUG [DataNucleus.Enhancer] - Adding method "int __dnGetInheritedFieldCount()"
13:31:46,071 (main) DEBUG [DataNucleus.Enhancer] - Adding method "int dnGetManagedFieldCount()"
13:31:46,071 (main) DEBUG [DataNucleus.Enhancer] - Adding method "java.lang.Class __dnPersistableSuperclassInit()"
13:31:46,071 (main) DEBUG [DataNucleus.Enhancer] - Adding method "java.lang.Class ___dn$loadClass(class java.lang.String className)"
13:31:46,071 (main) DEBUG [DataNucleus.Enhancer] - Adding method "java.lang.Object dnSuperClone()"
13:31:46,071 (main) DEBUG [DataNucleus.Enhancer] - Adding method "org.woz.protozoa.core.type.State dnGetstate(class org.woz.protozoa.model.mysql.Location objPC)"
13:31:46,071 (main) DEBUG [DataNucleus.Enhancer] - Adding method "void dnSetstate(class org.woz.protozoa.model.mysql.Location objPC, class org.woz.protozoa.core.type.State val)"
13:31:46,071 (main) DEBUG [DataNucleus.Enhancer] - Adding method "org.woz.protozoa.core.type.Type dnGettype(class org.woz.protozoa.model.mysql.Location objPC)"
13:31:46,071 (main) DEBUG [DataNucleus.Enhancer] - Adding method "void dnSettype(class org.woz.protozoa.model.mysql.Location objPC, class org.woz.protozoa.core.type.Type val)"
13:31:46,071 (main) INFO  [DataNucleus.Enhancer] - Writing class file "C:\Users\wos\Documents\NetBeansProjects\Protozoa\model\mysql\target\classes\org\woz\protozoa\model\mysql\Location.class" with enhanced definition
13:31:46,071 (main) DEBUG [DataNucleus.Enhancer] - Enhance of class "org.woz.protozoa.model.mysql.Location" completed
13:31:46,071 (main) INFO  [DataNucleus.Enhancer] - DataNucleus Enhancer completed with success for 2 classes.
13:56:51,139 (main) DEBUG [DataNucleus.General] - Using PluginRegistry org.datanucleus.plugin.NonManagedPluginRegistry
13:56:51,185 (main) DEBUG [DataNucleus.General] - Registering bundle org.sonatype.inject version 2.3.0 at URL file:/C:/Users/wos/.m2/repository/org/sonatype/sisu/sisu-inject-bean/2.3.0/sisu-inject-bean-2.3.0.jar.
13:56:51,248 (main) DEBUG [DataNucleus.General] - Loading extension points from plug-in file jar:file:/C:/Users/wos/.m2/repository/org/sonatype/sisu/sisu-inject-bean/2.3.0/sisu-inject-bean-2.3.0.jar!/plugin.xml.
13:56:51,248 (main) DEBUG [DataNucleus.General] - Loading extensions from plug-in file jar:file:/C:/Users/wos/.m2/repository/org/sonatype/sisu/sisu-inject-bean/2.3.0/sisu-inject-bean-2.3.0.jar!/plugin.xml.
13:56:51,248 (main) DEBUG [DataNucleus.General] - Registering bundle org.datanucleus version 4.0.3 at URL file:/C:/Users/wos/.m2/repository/org/datanucleus/datanucleus-core/4.0.3/datanucleus-core-4.0.3.jar.
13:56:51,279 (main) DEBUG [DataNucleus.General] - Loading extension points from plug-in file jar:file:/C:/Users/wos/.m2/repository/org/datanucleus/datanucleus-core/4.0.3/datanucleus-core-4.0.3.jar!/plugin.xml.
13:56:51,326 (main) DEBUG [DataNucleus.General] - Loading extensions from plug-in file jar:file:/C:/Users/wos/.m2/repository/org/datanucleus/datanucleus-core/4.0.3/datanucleus-core-4.0.3.jar!/plugin.xml.
13:56:51,341 (main) DEBUG [DataNucleus.General] - Registering bundle org.datanucleus.store.rdbms version 4.0.4 at URL file:/C:/Users/wos/.m2/repository/org/datanucleus/datanucleus-rdbms/4.0.4/datanucleus-rdbms-4.0.4.jar.
13:56:51,373 (main) DEBUG [DataNucleus.General] - Loading extension points from plug-in file jar:file:/C:/Users/wos/.m2/repository/org/datanucleus/datanucleus-rdbms/4.0.4/datanucleus-rdbms-4.0.4.jar!/plugin.xml.
13:56:51,404 (main) DEBUG [DataNucleus.General] - Loading extensions from plug-in file jar:file:/C:/Users/wos/.m2/repository/org/datanucleus/datanucleus-rdbms/4.0.4/datanucleus-rdbms-4.0.4.jar!/plugin.xml.
13:56:51,419 (main) DEBUG [DataNucleus.General] - Registering bundle org.datanucleus.api.jdo version 4.0.3 at URL file:/C:/Users/wos/.m2/repository/org/datanucleus/datanucleus-api-jdo/4.0.3/datanucleus-api-jdo-4.0.3.jar.
13:56:51,435 (main) DEBUG [DataNucleus.General] - Loading extension points from plug-in file jar:file:/C:/Users/wos/.m2/repository/org/datanucleus/datanucleus-api-jdo/4.0.3/datanucleus-api-jdo-4.0.3.jar!/plugin.xml.
13:56:51,435 (main) DEBUG [DataNucleus.General] - Loading extensions from plug-in file jar:file:/C:/Users/wos/.m2/repository/org/datanucleus/datanucleus-api-jdo/4.0.3/datanucleus-api-jdo-4.0.3.jar!/plugin.xml.
13:56:51,482 (main) DEBUG [DataNucleus.Persistence] - Java types support initialising ...
13:56:51,544 (main) DEBUG [DataNucleus.Persistence] - Java types support loaded : supported java types=[B, [C, [D, [F, [I, [J, [Ljava.lang.Boolean;, [Ljava.lang.Byte;, [Ljava.lang.Character;, [Ljava.lang.Double;, [Ljava.lang.Enum;, [Ljava.lang.Float;, [Ljava.lang.Integer;, [Ljava.lang.Long;, [Ljava.lang.Number;, [Ljava.lang.Short;, [Ljava.lang.String;, [Ljava.math.BigDecimal;, [Ljava.math.BigInteger;, [Ljava.util.Date;, [Ljava.util.Locale;, [S, [Z, boolean, byte, char, double, float, int, java.awt.Color, java.awt.image.BufferedImage, java.lang.Boolean, java.lang.Byte, java.lang.Character, java.lang.Class, java.lang.Double, java.lang.Enum, java.lang.Float, java.lang.Integer, java.lang.Long, java.lang.Number, java.lang.Short, java.lang.String, java.lang.StringBuffer, java.lang.StringBuilder, java.math.BigDecimal, java.math.BigInteger, java.net.URI, java.net.URL, java.sql.Date, java.sql.Time, java.sql.Timestamp, java.util.ArrayList, java.util.Arrays$ArrayList, java.util.BitSet, java.util.Calendar, java.util.Collection, java.util.Currency, java.util.Date, java.util.GregorianCalendar, java.util.HashMap, java.util.HashSet, java.util.Hashtable, java.util.LinkedHashMap, java.util.LinkedHashSet, java.util.LinkedList, java.util.List, java.util.Locale, java.util.Map, java.util.PriorityQueue, java.util.Properties, java.util.Queue, java.util.Set, java.util.SortedMap, java.util.SortedSet, java.util.Stack, java.util.TimeZone, java.util.TreeMap, java.util.TreeSet, java.util.UUID, java.util.Vector, long, short
13:56:51,544 (main) DEBUG [DataNucleus.Persistence] - Type converter support initialising ...
13:56:51,591 (main) DEBUG [DataNucleus.Persistence] - Type converter support loaded
13:56:51,591 (main) DEBUG [DataNucleus.Persistence] - TypeConverter(s) available for byte[] to : java.nio.ByteBuffer
13:56:51,591 (main) DEBUG [DataNucleus.Persistence] - TypeConverter(s) available for char[] to : java.nio.ByteBuffer
13:56:51,591 (main) DEBUG [DataNucleus.Persistence] - TypeConverter(s) available for double[] to : java.nio.ByteBuffer
13:56:51,591 (main) DEBUG [DataNucleus.Persistence] - TypeConverter(s) available for float[] to : java.nio.ByteBuffer
13:56:51,591 (main) DEBUG [DataNucleus.Persistence] - TypeConverter(s) available for int[] to : java.nio.ByteBuffer
13:56:51,591 (main) DEBUG [DataNucleus.Persistence] - TypeConverter(s) available for long[] to : java.nio.ByteBuffer
13:56:51,591 (main) DEBUG [DataNucleus.Persistence] - TypeConverter(s) available for short[] to : java.nio.ByteBuffer
13:56:51,591 (main) DEBUG [DataNucleus.Persistence] - TypeConverter(s) available for boolean[] to : java.nio.ByteBuffer
13:56:51,591 (main) DEBUG [DataNucleus.Persistence] - TypeConverter(s) available for java.awt.Color to : java.lang.String,int[]
13:56:51,591 (main) DEBUG [DataNucleus.Persistence] - TypeConverter(s) available for java.io.Serializable to : java.lang.String,java.nio.ByteBuffer,byte[]
13:56:51,591 (main) DEBUG [DataNucleus.Persistence] - TypeConverter(s) available for java.lang.Boolean to : java.lang.Character,java.lang.Integer
13:56:51,607 (main) DEBUG [DataNucleus.Persistence] - TypeConverter(s) available for java.lang.Character to : java.lang.String
13:56:51,607 (main) DEBUG [DataNucleus.Persistence] - TypeConverter(s) available for java.lang.Class to : java.lang.String
13:56:51,607 (main) DEBUG [DataNucleus.Persistence] - TypeConverter(s) available for java.lang.Integer to : java.lang.String
13:56:51,607 (main) DEBUG [DataNucleus.Persistence] - TypeConverter(s) available for java.lang.Long to : java.lang.String
13:56:51,607 (main) DEBUG [DataNucleus.Persistence] - TypeConverter(s) available for java.lang.StringBuffer to : java.lang.String
13:56:51,607 (main) DEBUG [DataNucleus.Persistence] - TypeConverter(s) available for java.lang.StringBuilder to : java.lang.String
13:56:51,607 (main) DEBUG [DataNucleus.Persistence] - TypeConverter(s) available for java.math.BigDecimal to : java.lang.String,java.lang.Double,java.nio.ByteBuffer
13:56:51,607 (main) DEBUG [DataNucleus.Persistence] - TypeConverter(s) available for java.math.BigInteger to : java.lang.String,java.nio.ByteBuffer,java.lang.Long
13:56:51,607 (main) DEBUG [DataNucleus.Persistence] - TypeConverter(s) available for java.net.URI to : java.lang.String
13:56:51,607 (main) DEBUG [DataNucleus.Persistence] - TypeConverter(s) available for java.net.URL to : java.lang.String
13:56:51,607 (main) DEBUG [DataNucleus.Persistence] - TypeConverter(s) available for java.sql.Date to : java.lang.String,java.util.Date,java.lang.Long
13:56:51,607 (main) DEBUG [DataNucleus.Persistence] - TypeConverter(s) available for java.sql.Time to : java.lang.String,java.util.Date,java.lang.Long
13:56:51,607 (main) DEBUG [DataNucleus.Persistence] - TypeConverter(s) available for java.sql.Timestamp to : java.lang.String,java.util.Date,java.lang.Long
13:56:51,607 (main) DEBUG [DataNucleus.Persistence] - TypeConverter(s) available for java.util.BitSet to : java.lang.String
13:56:51,607 (main) DEBUG [DataNucleus.Persistence] - TypeConverter(s) available for java.util.Calendar to : java.lang.String,[Ljava.lang.Object;,java.util.Date,java.sql.Timestamp
13:56:51,607 (main) DEBUG [DataNucleus.Persistence] - TypeConverter(s) available for java.util.Currency to : java.lang.String
13:56:51,607 (main) DEBUG [DataNucleus.Persistence] - TypeConverter(s) available for java.util.Date to : java.lang.String,java.lang.Long
13:56:51,607 (main) DEBUG [DataNucleus.Persistence] - TypeConverter(s) available for java.util.Locale to : java.lang.String
13:56:51,607 (main) DEBUG [DataNucleus.Persistence] - TypeConverter(s) available for java.util.TimeZone to : java.lang.String
13:56:51,607 (main) DEBUG [DataNucleus.Persistence] - TypeConverter(s) available for java.util.UUID to : java.lang.String
13:56:51,607 (main) DEBUG [DataNucleus.MetaData] - MetaDataManager : Input=(XML,Annotations), XML-Validation=false, XML-Suffices=(persistence=*.jdo, orm=orm, query=*.jdoquery), JDO-listener=false
13:56:51,607 (main) INFO  [DataNucleus.Enhancer] - DataNucleus Enhancer (version 4.0.3) for API "JDO"
13:56:51,607 (main) DEBUG [DataNucleus.Enhancer] - DataNucleus Enhancer : Classpath
13:56:51,607 (main) DEBUG [DataNucleus.Enhancer] - >>  C:\Users\wos\.m2\repository\org\datanucleus\datanucleus-maven-plugin\4.0.0-m2\datanucleus-maven-plugin-4.0.0-m2.jar
13:56:51,607 (main) DEBUG [DataNucleus.Enhancer] - >>  C:\Users\wos\.m2\repository\org\codehaus\plexus\plexus-utils\3.0.8\plexus-utils-3.0.8.jar
13:56:51,607 (main) DEBUG [DataNucleus.Enhancer] - >>  C:\Users\wos\.m2\repository\org\codehaus\plexus\plexus-component-annotations\1.5.5\plexus-component-annotations-1.5.5.jar
13:56:51,607 (main) DEBUG [DataNucleus.Enhancer] - >>  C:\Users\wos\.m2\repository\org\sonatype\sisu\sisu-inject-bean\2.3.0\sisu-inject-bean-2.3.0.jar
13:56:51,607 (main) DEBUG [DataNucleus.Enhancer] - >>  C:\Users\wos\.m2\repository\org\sonatype\sisu\sisu-guice\3.1.0\sisu-guice-3.1.0-no_aop.jar
13:56:51,607 (main) DEBUG [DataNucleus.Enhancer] - >>  C:\Users\wos\.m2\repository\org\sonatype\sisu\sisu-guava\0.9.9\sisu-guava-0.9.9.jar
13:56:51,607 (main) DEBUG [DataNucleus.Enhancer] - >>  C:\Users\wos\.m2\repository\org\apache\xbean\xbean-reflect\3.4\xbean-reflect-3.4.jar
13:56:51,607 (main) DEBUG [DataNucleus.Enhancer] - >>  C:\Users\wos\.m2\repository\log4j\log4j\1.2.12\log4j-1.2.12.jar
13:56:51,607 (main) DEBUG [DataNucleus.Enhancer] - >>  C:\Users\wos\.m2\repository\commons-logging\commons-logging-api\1.1\commons-logging-api-1.1.jar
13:56:51,607 (main) DEBUG [DataNucleus.Enhancer] - >>  C:\Users\wos\.m2\repository\com\google\collections\google-collections\1.0\google-collections-1.0.jar
13:56:51,607 (main) DEBUG [DataNucleus.Enhancer] - >>  C:\Users\wos\.m2\repository\junit\junit\3.8.2\junit-3.8.2.jar
13:56:51,607 (main) DEBUG [DataNucleus.Enhancer] - >>  C:\Users\wos\Documents\NetBeansProjects\Protozoa\model\mysql\target\classes
13:56:51,607 (main) DEBUG [DataNucleus.Enhancer] - >>  C:\Users\wos\.m2\repository\org\datanucleus\datanucleus-core\4.0.3\datanucleus-core-4.0.3.jar
13:56:51,607 (main) DEBUG [DataNucleus.Enhancer] - >>  C:\Users\wos\.m2\repository\org\datanucleus\datanucleus-rdbms\4.0.4\datanucleus-rdbms-4.0.4.jar
13:56:51,607 (main) DEBUG [DataNucleus.Enhancer] - >>  C:\Users\wos\.m2\repository\org\datanucleus\datanucleus-api-jdo\4.0.3\datanucleus-api-jdo-4.0.3.jar
13:56:51,607 (main) DEBUG [DataNucleus.Enhancer] - >>  C:\Users\wos\.m2\repository\javax\jdo\jdo-api\3.1-rc1\jdo-api-3.1-rc1.jar
13:56:51,607 (main) DEBUG [DataNucleus.Enhancer] - >>  C:\Users\wos\.m2\repository\javax\transaction\transaction-api\1.1\transaction-api-1.1.jar
13:56:51,607 (main) DEBUG [DataNucleus.Enhancer] - >>  C:\Users\wos\Documents\NetBeansProjects\Protozoa\model\api\target\api-1.0.0-SNAPSHOT.jar
13:56:51,607 (main) DEBUG [DataNucleus.Enhancer] - >>  C:\Users\wos\.m2\repository\org\woz\protozoa\system\core\1.0.0-SNAPSHOT\core-1.0.0-SNAPSHOT.jar
13:56:51,607 (main) DEBUG [DataNucleus.Enhancer] - >>  C:\Users\wos\.m2\repository\org\slf4j\slf4j-simple\1.7.7\slf4j-simple-1.7.7.jar
13:56:51,607 (main) DEBUG [DataNucleus.Enhancer] - >>  C:\Users\wos\.m2\repository\mysql\mysql-connector-java\5.1.32\mysql-connector-java-5.1.32.jar
13:56:51,607 (main) DEBUG [DataNucleus.Enhancer] - >>  C:\Users\wos\.m2\repository\org\slf4j\slf4j-api\1.7.7\slf4j-api-1.7.7.jar
13:56:51,607 (main) DEBUG [DataNucleus.Enhancer] - >>  C:\Users\wos\.m2\repository\org\osgi\org.osgi.core\5.0.0\org.osgi.core-5.0.0.jar
13:56:51,607 (main) DEBUG [DataNucleus.Enhancer] - >>  C:\Users\wos\.m2\repository\commons-lang\commons-lang\2.6\commons-lang-2.6.jar
13:56:51,607 (main) DEBUG [DataNucleus.Enhancer] - Reading fileListFile: C:\Users\wos\AppData\Local\Temp\enhancer-4673807608563878525.flf
13:56:51,622 (main) DEBUG [DataNucleus.Enhancer] - Enhancing classes
13:56:51,669 (main) DEBUG [DataNucleus.MetaData] - MetaData Management : Loading Metadata for classes "[org.woz.protozoa.model.mysql.Device, org.woz.protozoa.model.mysql.internal.Activator, org.woz.protozoa.model.mysql.Location]" ...
13:56:51,778 (main) DEBUG [DataNucleus.MetaData] - Class "org.woz.protozoa.model.mysql.Device" has been specified with JDO annotations so using those.
13:56:51,794 (main) DEBUG [DataNucleus.MetaData] - MetaData of type "jdo" for class "org.woz.protozoa.model.mysql.internal.Activator" NOT found at /META-INF/package.jdo
13:56:51,809 (main) DEBUG [DataNucleus.MetaData] - MetaData of type "jdo" for class "org.woz.protozoa.model.mysql.internal.Activator" NOT found at /WEB-INF/package.jdo
13:56:51,809 (main) DEBUG [DataNucleus.MetaData] - MetaData of type "jdo" for class "org.woz.protozoa.model.mysql.internal.Activator" NOT found at /package.jdo
13:56:51,809 (main) DEBUG [DataNucleus.MetaData] - MetaData of type "jdo" for class "org.woz.protozoa.model.mysql.internal.Activator" NOT found at /org/package.jdo
13:56:51,809 (main) DEBUG [DataNucleus.MetaData] - MetaData of type "jdo" for class "org.woz.protozoa.model.mysql.internal.Activator" NOT found at /org.jdo
13:56:51,809 (main) DEBUG [DataNucleus.MetaData] - MetaData of type "jdo" for class "org.woz.protozoa.model.mysql.internal.Activator" NOT found at /org/woz/package.jdo
13:56:51,809 (main) DEBUG [DataNucleus.MetaData] - MetaData of type "jdo" for class "org.woz.protozoa.model.mysql.internal.Activator" NOT found at /org/woz.jdo
13:56:51,809 (main) DEBUG [DataNucleus.MetaData] - MetaData of type "jdo" for class "org.woz.protozoa.model.mysql.internal.Activator" NOT found at /org/woz/protozoa/package.jdo
13:56:51,809 (main) DEBUG [DataNucleus.MetaData] - MetaData of type "jdo" for class "org.woz.protozoa.model.mysql.internal.Activator" NOT found at /org/woz/protozoa.jdo
13:56:51,825 (main) DEBUG [DataNucleus.MetaData] - MetaData of type "jdo" for class "org.woz.protozoa.model.mysql.internal.Activator" NOT found at /org/woz/protozoa/model/package.jdo
13:56:51,825 (main) DEBUG [DataNucleus.MetaData] - MetaData of type "jdo" for class "org.woz.protozoa.model.mysql.internal.Activator" NOT found at /org/woz/protozoa/model.jdo
13:56:51,825 (main) DEBUG [DataNucleus.MetaData] - MetaData of type "jdo" for class "org.woz.protozoa.model.mysql.internal.Activator" NOT found at /org/woz/protozoa/model/mysql/package.jdo
13:56:51,825 (main) DEBUG [DataNucleus.MetaData] - MetaData of type "jdo" for class "org.woz.protozoa.model.mysql.internal.Activator" NOT found at /org/woz/protozoa/model/mysql.jdo
13:56:51,825 (main) DEBUG [DataNucleus.MetaData] - MetaData of type "jdo" for class "org.woz.protozoa.model.mysql.internal.Activator" NOT found at /org/woz/protozoa/model/mysql/internal/package.jdo
13:56:51,825 (main) DEBUG [DataNucleus.MetaData] - MetaData of type "jdo" for class "org.woz.protozoa.model.mysql.internal.Activator" NOT found at /org/woz/protozoa/model/mysql/internal.jdo
13:56:51,825 (main) DEBUG [DataNucleus.MetaData] - MetaData of type "jdo" for class "org.woz.protozoa.model.mysql.internal.Activator" NOT found at /org/woz/protozoa/model/mysql/internal/Activator.jdo
13:56:51,825 (main) DEBUG [DataNucleus.MetaData] - MetaData of type "jdo" for class "org.woz.protozoa.model.mysql.internal.Activator" not found
13:56:51,825 (main) DEBUG [DataNucleus.MetaData] - Registering class "org.woz.protozoa.model.mysql.internal.Activator" as not having MetaData.
13:56:51,825 (main) DEBUG [DataNucleus.MetaData] - Class "org.woz.protozoa.model.mysql.internal.Activator" has no MetaData or annotations.
13:56:51,825 (main) DEBUG [DataNucleus.MetaData] - Class "org.woz.protozoa.model.mysql.Location" has been specified with JDO annotations so using those.
13:56:51,825 (main) DEBUG [DataNucleus.MetaData] - Populating all MetaData ...
13:56:51,841 (main) DEBUG [DataNucleus.MetaData] - Class "org.woz.protozoa.model.mysql.Device" : Populating Meta-Data
13:56:51,841 (main) DEBUG [DataNucleus.MetaData] - MetaData of type "jdo" for class "org.woz.protozoa.core.item.AbstractItem" NOT found at /META-INF/package.jdo
13:56:51,841 (main) DEBUG [DataNucleus.MetaData] - MetaData of type "jdo" for class "org.woz.protozoa.core.item.AbstractItem" NOT found at /WEB-INF/package.jdo
13:56:51,841 (main) DEBUG [DataNucleus.MetaData] - MetaData of type "jdo" for class "org.woz.protozoa.core.item.AbstractItem" NOT found at /package.jdo
13:56:51,841 (main) DEBUG [DataNucleus.MetaData] - MetaData of type "jdo" for class "org.woz.protozoa.core.item.AbstractItem" NOT found at /org/package.jdo
13:56:51,841 (main) DEBUG [DataNucleus.MetaData] - MetaData of type "jdo" for class "org.woz.protozoa.core.item.AbstractItem" NOT found at /org.jdo
13:56:51,841 (main) DEBUG [DataNucleus.MetaData] - MetaData of type "jdo" for class "org.woz.protozoa.core.item.AbstractItem" NOT found at /org/woz/package.jdo
13:56:51,841 (main) DEBUG [DataNucleus.MetaData] - MetaData of type "jdo" for class "org.woz.protozoa.core.item.AbstractItem" NOT found at /org/woz.jdo
13:56:51,841 (main) DEBUG [DataNucleus.MetaData] - MetaData of type "jdo" for class "org.woz.protozoa.core.item.AbstractItem" NOT found at /org/woz/protozoa/package.jdo
13:56:51,841 (main) DEBUG [DataNucleus.MetaData] - MetaData of type "jdo" for class "org.woz.protozoa.core.item.AbstractItem" NOT found at /org/woz/protozoa.jdo
13:56:51,841 (main) DEBUG [DataNucleus.MetaData] - MetaData of type "jdo" for class "org.woz.protozoa.core.item.AbstractItem" NOT found at /org/woz/protozoa/core/package.jdo
13:56:51,841 (main) DEBUG [DataNucleus.MetaData] - MetaData of type "jdo" for class "org.woz.protozoa.core.item.AbstractItem" NOT found at /org/woz/protozoa/core.jdo
13:56:51,856 (main) DEBUG [DataNucleus.MetaData] - MetaData of type "jdo" for class "org.woz.protozoa.core.item.AbstractItem" NOT found at /org/woz/protozoa/core/item/package.jdo
13:56:51,856 (main) DEBUG [DataNucleus.MetaData] - MetaData of type "jdo" for class "org.woz.protozoa.core.item.AbstractItem" NOT found at /org/woz/protozoa/core/item.jdo
13:56:51,856 (main) DEBUG [DataNucleus.MetaData] - MetaData of type "jdo" for class "org.woz.protozoa.core.item.AbstractItem" NOT found at /org/woz/protozoa/core/item/AbstractItem.jdo
13:56:51,856 (main) DEBUG [DataNucleus.MetaData] - MetaData of type "jdo" for class "org.woz.protozoa.core.item.AbstractItem" not found
13:56:51,856 (main) DEBUG [DataNucleus.MetaData] - Class "org.woz.protozoa.core.item.AbstractItem" has been specified with JDO annotations so using those.
13:56:51,856 (main) DEBUG [DataNucleus.MetaData] - Class "org.woz.protozoa.core.item.AbstractItem" : Populating Meta-Data
13:56:51,856 (main) DEBUG [DataNucleus.MetaData] - Class "org.woz.protozoa.core.item.AbstractItem" field "description" : Adding Meta-Data for field since it didnt appear in the Meta-Data definition.
13:56:51,856 (main) DEBUG [DataNucleus.MetaData] - Class "org.woz.protozoa.model.mysql.Device" field "state" : Adding Meta-Data for field since it didnt appear in the Meta-Data definition.
13:56:51,856 (main) DEBUG [DataNucleus.MetaData] - Class "org.woz.protozoa.model.mysql.Device" field "type" : Adding Meta-Data for field since it didnt appear in the Meta-Data definition.
13:56:51,856 (main) DEBUG [DataNucleus.MetaData] - Class "org.woz.protozoa.model.mysql.Device" field "location" : Adding Meta-Data for field since it didnt appear in the Meta-Data definition.
13:56:51,856 (main) DEBUG [DataNucleus.MetaData] - Class "org.woz.protozoa.model.mysql.Device" field "parameters" : Adding Meta-Data for field since it didnt appear in the Meta-Data definition.
13:56:51,856 (main) DEBUG [DataNucleus.Persistence] - Java type org.woz.protozoa.core.type.State using the support for java.lang.Enum
13:56:51,856 (main) DEBUG [DataNucleus.MetaData] - MetaData of type "jdo" for class "org.woz.protozoa.core.type.State" NOT found at /META-INF/package.jdo
13:56:51,856 (main) DEBUG [DataNucleus.MetaData] - MetaData of type "jdo" for class "org.woz.protozoa.core.type.State" NOT found at /WEB-INF/package.jdo
13:56:51,856 (main) DEBUG [DataNucleus.MetaData] - MetaData of type "jdo" for class "org.woz.protozoa.core.type.State" NOT found at /package.jdo
13:56:51,872 (main) DEBUG [DataNucleus.MetaData] - MetaData of type "jdo" for class "org.woz.protozoa.core.type.State" NOT found at /org/package.jdo
13:56:51,872 (main) DEBUG [DataNucleus.MetaData] - MetaData of type "jdo" for class "org.woz.protozoa.core.type.State" NOT found at /org.jdo
13:56:51,872 (main) DEBUG [DataNucleus.MetaData] - MetaData of type "jdo" for class "org.woz.protozoa.core.type.State" NOT found at /org/woz/package.jdo
13:56:51,872 (main) DEBUG [DataNucleus.MetaData] - MetaData of type "jdo" for class "org.woz.protozoa.core.type.State" NOT found at /org/woz.jdo
13:56:51,872 (main) DEBUG [DataNucleus.MetaData] - MetaData of type "jdo" for class "org.woz.protozoa.core.type.State" NOT found at /org/woz/protozoa/package.jdo
13:56:51,872 (main) DEBUG [DataNucleus.MetaData] - MetaData of type "jdo" for class "org.woz.protozoa.core.type.State" NOT found at /org/woz/protozoa.jdo
13:56:51,872 (main) DEBUG [DataNucleus.MetaData] - MetaData of type "jdo" for class "org.woz.protozoa.core.type.State" NOT found at /org/woz/protozoa/core/package.jdo
13:56:51,872 (main) DEBUG [DataNucleus.MetaData] - MetaData of type "jdo" for class "org.woz.protozoa.core.type.State" NOT found at /org/woz/protozoa/core.jdo
13:56:51,872 (main) DEBUG [DataNucleus.MetaData] - MetaData of type "jdo" for class "org.woz.protozoa.core.type.State" NOT found at /org/woz/protozoa/core/type/package.jdo
13:56:51,872 (main) DEBUG [DataNucleus.MetaData] - MetaData of type "jdo" for class "org.woz.protozoa.core.type.State" NOT found at /org/woz/protozoa/core/type.jdo
13:56:51,872 (main) DEBUG [DataNucleus.MetaData] - MetaData of type "jdo" for class "org.woz.protozoa.core.type.State" NOT found at /org/woz/protozoa/core/type/State.jdo
13:56:51,872 (main) DEBUG [DataNucleus.MetaData] - MetaData of type "jdo" for class "org.woz.protozoa.core.type.State" not found
13:56:51,872 (main) DEBUG [DataNucleus.MetaData] - Registering class "org.woz.protozoa.core.type.State" as not having MetaData.
13:56:51,872 (main) DEBUG [DataNucleus.Persistence] - Java type org.woz.protozoa.core.type.Type using the support for java.lang.Enum
13:56:51,872 (main) DEBUG [DataNucleus.MetaData] - MetaData of type "jdo" for class "org.woz.protozoa.core.type.Type" NOT found at /META-INF/package.jdo
13:56:51,872 (main) DEBUG [DataNucleus.MetaData] - MetaData of type "jdo" for class "org.woz.protozoa.core.type.Type" NOT found at /WEB-INF/package.jdo
13:56:51,872 (main) DEBUG [DataNucleus.MetaData] - MetaData of type "jdo" for class "org.woz.protozoa.core.type.Type" NOT found at /package.jdo
13:56:51,872 (main) DEBUG [DataNucleus.MetaData] - MetaData of type "jdo" for class "org.woz.protozoa.core.type.Type" NOT found at /org/package.jdo
13:56:51,887 (main) DEBUG [DataNucleus.MetaData] - MetaData of type "jdo" for class "org.woz.protozoa.core.type.Type" NOT found at /org.jdo
13:56:51,887 (main) DEBUG [DataNucleus.MetaData] - MetaData of type "jdo" for class "org.woz.protozoa.core.type.Type" NOT found at /org/woz/package.jdo
13:56:51,887 (main) DEBUG [DataNucleus.MetaData] - MetaData of type "jdo" for class "org.woz.protozoa.core.type.Type" NOT found at /org/woz.jdo
13:56:51,887 (main) DEBUG [DataNucleus.MetaData] - MetaData of type "jdo" for class "org.woz.protozoa.core.type.Type" NOT found at /org/woz/protozoa/package.jdo
13:56:51,887 (main) DEBUG [DataNucleus.MetaData] - MetaData of type "jdo" for class "org.woz.protozoa.core.type.Type" NOT found at /org/woz/protozoa.jdo
13:56:51,887 (main) DEBUG [DataNucleus.MetaData] - MetaData of type "jdo" for class "org.woz.protozoa.core.type.Type" NOT found at /org/woz/protozoa/core/package.jdo
13:56:51,887 (main) DEBUG [DataNucleus.MetaData] - MetaData of type "jdo" for class "org.woz.protozoa.core.type.Type" NOT found at /org/woz/protozoa/core.jdo
13:56:51,887 (main) DEBUG [DataNucleus.MetaData] - MetaData of type "jdo" for class "org.woz.protozoa.core.type.Type" NOT found at /org/woz/protozoa/core/type/package.jdo
13:56:51,887 (main) DEBUG [DataNucleus.MetaData] - MetaData of type "jdo" for class "org.woz.protozoa.core.type.Type" NOT found at /org/woz/protozoa/core/type.jdo
13:56:51,887 (main) DEBUG [DataNucleus.MetaData] - MetaData of type "jdo" for class "org.woz.protozoa.core.type.Type" NOT found at /org/woz/protozoa/core/type/Type.jdo
13:56:51,887 (main) DEBUG [DataNucleus.MetaData] - MetaData of type "jdo" for class "org.woz.protozoa.core.type.Type" not found
13:56:51,887 (main) DEBUG [DataNucleus.MetaData] - Registering class "org.woz.protozoa.core.type.Type" as not having MetaData.
13:56:51,887 (main) DEBUG [DataNucleus.MetaData] - Class "org.woz.protozoa.model.mysql.Location" : Populating Meta-Data
13:56:51,887 (main) DEBUG [DataNucleus.MetaData] - Class "org.woz.protozoa.model.mysql.Location" field "state" : Adding Meta-Data for field since it didnt appear in the Meta-Data definition.
13:56:51,887 (main) DEBUG [DataNucleus.MetaData] - Class "org.woz.protozoa.model.mysql.Location" field "type" : Adding Meta-Data for field since it didnt appear in the Meta-Data definition.
13:56:51,887 (main) DEBUG [DataNucleus.MetaData] - Initialising all MetaData ...
13:56:51,887 (main) DEBUG [DataNucleus.MetaData] - Class "org.woz.protozoa.core.item.AbstractItem" : Initialising Meta-Data
13:56:51,887 (main) DEBUG [DataNucleus.MetaData] - Class "org.woz.protozoa.model.mysql.Device" : Initialising Meta-Data
13:56:51,887 (main) DEBUG [DataNucleus.MetaData] - Class "org.woz.protozoa.model.mysql.Location" : Initialising Meta-Data
13:56:51,887 (main) DEBUG [DataNucleus.MetaData] - MetaData Management : Load of Metadata complete
13:56:51,887 (main) DEBUG [DataNucleus.Enhancer] - Enhance of class "org.woz.protozoa.model.mysql.Device" starting ...
13:56:51,903 (main) DEBUG [DataNucleus.Enhancer] - Class "org.woz.protozoa.model.mysql.Device" doesnt implement the interface "org.datanucleus.enhancer.Persistable" but is required
13:56:51,903 (main) DEBUG [DataNucleus.Enhancer] - Class "org.woz.protozoa.model.mysql.Device" doesnt have field "dnFieldFlags" but is required
13:56:51,903 (main) DEBUG [DataNucleus.Enhancer] - Class "org.woz.protozoa.model.mysql.Device" doesnt have field "dnInheritedFieldCount" but is required
13:56:51,903 (main) DEBUG [DataNucleus.Enhancer] - Class "org.woz.protozoa.model.mysql.Device" doesnt have field "dnPersistableSuperclass" but is required
13:56:51,903 (main) DEBUG [DataNucleus.Enhancer] - Class "org.woz.protozoa.model.mysql.Device" doesnt have field "dnFieldNames" but is required
13:56:51,903 (main) DEBUG [DataNucleus.Enhancer] - Class "org.woz.protozoa.model.mysql.Device" doesnt have field "dnFieldTypes" but is required
13:56:51,903 (main) DEBUG [DataNucleus.Enhancer] - Class "org.woz.protozoa.model.mysql.Device" doesnt have method "__dnFieldTypesInit" but is required
13:56:51,903 (main) DEBUG [DataNucleus.Enhancer] - Class "org.woz.protozoa.model.mysql.Device" doesnt have method "__dnPersistableSuperclassInit" but is required
13:56:51,903 (main) DEBUG [DataNucleus.Enhancer] - Class "org.woz.protozoa.model.mysql.Device" doesnt have method "dnNewInstance" but is required
13:56:51,903 (main) DEBUG [DataNucleus.Enhancer] - Class "org.woz.protozoa.model.mysql.Device" doesnt have method "dnNewInstance" but is required
13:56:51,903 (main) DEBUG [DataNucleus.Enhancer] - Class "org.woz.protozoa.model.mysql.Device" doesnt have method "__dnGetInheritedFieldCount" but is required
13:56:51,903 (main) DEBUG [DataNucleus.Enhancer] - Class "org.woz.protozoa.model.mysql.Device" doesnt have method "dnProvideField" but is required
13:56:51,903 (main) DEBUG [DataNucleus.Enhancer] - Class "org.woz.protozoa.model.mysql.Device" doesnt have method "dnGetManagedFieldCount" but is required
13:56:51,903 (main) DEBUG [DataNucleus.Enhancer] - Class "org.woz.protozoa.model.mysql.Device" doesnt have method "dnReplaceField" but is required
13:56:51,903 (main) DEBUG [DataNucleus.Enhancer] - Class "org.woz.protozoa.model.mysql.Device" doesnt have method "__dnFieldNamesInit" but is required
13:56:51,903 (main) DEBUG [DataNucleus.Enhancer] - Class "org.woz.protozoa.model.mysql.Device" doesnt have method "dnCopyFields" but is required
13:56:51,903 (main) DEBUG [DataNucleus.Enhancer] - Class "org.woz.protozoa.model.mysql.Device" doesnt have method "__dnFieldFlagsInit" but is required
13:56:51,903 (main) DEBUG [DataNucleus.Enhancer] - Class "org.woz.protozoa.model.mysql.Device" doesnt have method "dnCopyField" but is required
13:56:51,903 (main) DEBUG [DataNucleus.Enhancer] - Class "org.woz.protozoa.model.mysql.Device" doesnt have method "___dn$loadClass" but is required
13:56:51,903 (main) DEBUG [DataNucleus.Enhancer] - Class "org.woz.protozoa.model.mysql.Device" doesnt have method "dnIsDetached" but is required
13:56:51,903 (main) DEBUG [DataNucleus.Enhancer] - Class "org.woz.protozoa.model.mysql.Device" doesnt have method "dnSuperClone" but is required
13:56:51,919 (main) DEBUG [DataNucleus.Enhancer] - Adding interface: org.datanucleus.enhancer.Persistable
13:56:51,934 (main) DEBUG [DataNucleus.Enhancer] - Enhancing original method org.woz.protozoa.model.mysql.Device.<init> : omitting enhance of set of field "org.woz.protozoa.model.mysql.Device.parameters"
13:56:51,934 (main) DEBUG [DataNucleus.Enhancer] - Enhancing original method org.woz.protozoa.model.mysql.Device.<init> : omitting enhance of set of field "org.woz.protozoa.model.mysql.Device.state"
13:56:51,934 (main) DEBUG [DataNucleus.Enhancer] - Enhancing original method org.woz.protozoa.model.mysql.Device.<init> : omitting enhance of set of field "org.woz.protozoa.model.mysql.Device.type"
13:56:51,934 (main) DEBUG [DataNucleus.Enhancer] - Enhancing original method org.woz.protozoa.model.mysql.Device.setLocation changing field "org.woz.protozoa.model.mysql.Device.location" for call to "dnSetlocation()"
13:56:51,934 (main) DEBUG [DataNucleus.Enhancer] - Enhancing original method org.woz.protozoa.model.mysql.Device.getLocation changing field "org.woz.protozoa.model.mysql.Device.location" for call to "dnGetlocation()"
13:56:51,934 (main) DEBUG [DataNucleus.Enhancer] - Enhancing original method org.woz.protozoa.model.mysql.Device.setState changing field "org.woz.protozoa.model.mysql.Device.state" for call to "dnSetstate()"
13:56:51,934 (main) DEBUG [DataNucleus.Enhancer] - Enhancing original method org.woz.protozoa.model.mysql.Device.getState changing field "org.woz.protozoa.model.mysql.Device.state" for call to "dnGetstate()"
13:56:51,934 (main) DEBUG [DataNucleus.Enhancer] - Enhancing original method org.woz.protozoa.model.mysql.Device.setType changing field "org.woz.protozoa.model.mysql.Device.type" for call to "dnSettype()"
13:56:51,934 (main) DEBUG [DataNucleus.Enhancer] - Enhancing original method org.woz.protozoa.model.mysql.Device.getType changing field "org.woz.protozoa.model.mysql.Device.type" for call to "dnGettype()"
13:56:51,934 (main) DEBUG [DataNucleus.Enhancer] - Adding field "[B dnFieldFlags"
13:56:51,934 (main) DEBUG [DataNucleus.Enhancer] - Adding field "java.lang.Class dnPersistableSuperclass"
13:56:51,934 (main) DEBUG [DataNucleus.Enhancer] - Adding field "[Ljava.lang.Class; dnFieldTypes"
13:56:51,934 (main) DEBUG [DataNucleus.Enhancer] - Adding field "[Ljava.lang.String; dnFieldNames"
13:56:51,934 (main) DEBUG [DataNucleus.Enhancer] - Adding field "int dnInheritedFieldCount"
13:56:51,934 (main) DEBUG [DataNucleus.Enhancer] - Adding method "void <clinit>()"
13:56:51,934 (main) DEBUG [DataNucleus.Enhancer] - Adding constructor "org.woz.protozoa.model.mysql.Device()"
13:56:51,934 (main) DEBUG [DataNucleus.Enhancer] - Adding method "boolean dnIsDetached()"
13:56:51,934 (main) DEBUG [DataNucleus.Enhancer] - Adding method "org.datanucleus.enhancer.Persistable dnNewInstance(interface org.datanucleus.state.StateManager sm)"
13:56:51,934 (main) DEBUG [DataNucleus.Enhancer] - Adding method "org.datanucleus.enhancer.Persistable dnNewInstance(interface org.datanucleus.state.StateManager sm, class java.lang.Object obj)"
13:56:51,934 (main) DEBUG [DataNucleus.Enhancer] - Adding method "void dnReplaceField(int index)"
13:56:51,934 (main) DEBUG [DataNucleus.Enhancer] - Adding method "void dnProvideField(int index)"
13:56:51,934 (main) DEBUG [DataNucleus.Enhancer] - Adding method "void dnCopyField(class org.woz.protozoa.model.mysql.Device obj, int index)"
13:56:51,934 (main) DEBUG [DataNucleus.Enhancer] - Adding method "void dnCopyFields(class java.lang.Object obj, class [I indices)"
13:56:51,934 (main) DEBUG [DataNucleus.Enhancer] - Adding method "[Ljava.lang.String; __dnFieldNamesInit()"
13:56:51,934 (main) DEBUG [DataNucleus.Enhancer] - Adding method "[Ljava.lang.Class; __dnFieldTypesInit()"
13:56:51,934 (main) DEBUG [DataNucleus.Enhancer] - Adding method "[B __dnFieldFlagsInit()"
13:56:51,934 (main) DEBUG [DataNucleus.Enhancer] - Adding method "int __dnGetInheritedFieldCount()"
13:56:51,950 (main) DEBUG [DataNucleus.Enhancer] - Adding method "int dnGetManagedFieldCount()"
13:56:51,950 (main) DEBUG [DataNucleus.Enhancer] - Adding method "java.lang.Class __dnPersistableSuperclassInit()"
13:56:51,950 (main) DEBUG [DataNucleus.Enhancer] - Adding method "java.lang.Class ___dn$loadClass(class java.lang.String className)"
13:56:51,950 (main) DEBUG [DataNucleus.Enhancer] - Adding method "java.lang.Object dnSuperClone()"
13:56:51,950 (main) DEBUG [DataNucleus.Enhancer] - Adding method "org.woz.protozoa.model.mysql.Location dnGetlocation(class org.woz.protozoa.model.mysql.Device objPC)"
13:56:51,950 (main) DEBUG [DataNucleus.Enhancer] - Adding method "void dnSetlocation(class org.woz.protozoa.model.mysql.Device objPC, class org.woz.protozoa.model.mysql.Location val)"
13:56:51,950 (main) DEBUG [DataNucleus.Enhancer] - Adding method "org.woz.protozoa.core.type.State dnGetstate(class org.woz.protozoa.model.mysql.Device objPC)"
13:56:51,950 (main) DEBUG [DataNucleus.Enhancer] - Adding method "void dnSetstate(class org.woz.protozoa.model.mysql.Device objPC, class org.woz.protozoa.core.type.State val)"
13:56:51,950 (main) DEBUG [DataNucleus.Enhancer] - Adding method "org.woz.protozoa.core.type.Type dnGettype(class org.woz.protozoa.model.mysql.Device objPC)"
13:56:51,950 (main) DEBUG [DataNucleus.Enhancer] - Adding method "void dnSettype(class org.woz.protozoa.model.mysql.Device objPC, class org.woz.protozoa.core.type.Type val)"
13:56:51,950 (main) INFO  [DataNucleus.Enhancer] - Writing class file "C:\Users\wos\Documents\NetBeansProjects\Protozoa\model\mysql\target\classes\org\woz\protozoa\model\mysql\Device.class" with enhanced definition
13:56:51,950 (main) DEBUG [DataNucleus.Enhancer] - Enhance of class "org.woz.protozoa.model.mysql.Device" completed
13:56:51,950 (main) DEBUG [DataNucleus.Enhancer] - Enhance of class "org.woz.protozoa.model.mysql.Location" starting ...
13:56:51,950 (main) DEBUG [DataNucleus.Enhancer] - Class "org.woz.protozoa.model.mysql.Location" doesnt implement the interface "org.datanucleus.enhancer.Persistable" but is required
13:56:51,950 (main) DEBUG [DataNucleus.Enhancer] - Class "org.woz.protozoa.model.mysql.Location" doesnt have field "dnFieldFlags" but is required
13:56:51,950 (main) DEBUG [DataNucleus.Enhancer] - Class "org.woz.protozoa.model.mysql.Location" doesnt have field "dnInheritedFieldCount" but is required
13:56:51,950 (main) DEBUG [DataNucleus.Enhancer] - Class "org.woz.protozoa.model.mysql.Location" doesnt have field "dnPersistableSuperclass" but is required
13:56:51,950 (main) DEBUG [DataNucleus.Enhancer] - Class "org.woz.protozoa.model.mysql.Location" doesnt have field "dnFieldNames" but is required
13:56:51,950 (main) DEBUG [DataNucleus.Enhancer] - Class "org.woz.protozoa.model.mysql.Location" doesnt have field "dnFieldTypes" but is required
13:56:51,950 (main) DEBUG [DataNucleus.Enhancer] - Class "org.woz.protozoa.model.mysql.Location" doesnt have method "__dnFieldTypesInit" but is required
13:56:51,950 (main) DEBUG [DataNucleus.Enhancer] - Class "org.woz.protozoa.model.mysql.Location" doesnt have method "__dnPersistableSuperclassInit" but is required
13:56:51,950 (main) DEBUG [DataNucleus.Enhancer] - Class "org.woz.protozoa.model.mysql.Location" doesnt have method "dnNewInstance" but is required
13:56:51,950 (main) DEBUG [DataNucleus.Enhancer] - Class "org.woz.protozoa.model.mysql.Location" doesnt have method "dnNewInstance" but is required
13:56:51,950 (main) DEBUG [DataNucleus.Enhancer] - Class "org.woz.protozoa.model.mysql.Location" doesnt have method "__dnGetInheritedFieldCount" but is required
13:56:51,950 (main) DEBUG [DataNucleus.Enhancer] - Class "org.woz.protozoa.model.mysql.Location" doesnt have method "dnProvideField" but is required
13:56:51,950 (main) DEBUG [DataNucleus.Enhancer] - Class "org.woz.protozoa.model.mysql.Location" doesnt have method "dnGetManagedFieldCount" but is required
13:56:51,950 (main) DEBUG [DataNucleus.Enhancer] - Class "org.woz.protozoa.model.mysql.Location" doesnt have method "dnReplaceField" but is required
13:56:51,950 (main) DEBUG [DataNucleus.Enhancer] - Class "org.woz.protozoa.model.mysql.Location" doesnt have method "__dnFieldNamesInit" but is required
13:56:51,950 (main) DEBUG [DataNucleus.Enhancer] - Class "org.woz.protozoa.model.mysql.Location" doesnt have method "dnCopyFields" but is required
13:56:51,950 (main) DEBUG [DataNucleus.Enhancer] - Class "org.woz.protozoa.model.mysql.Location" doesnt have method "__dnFieldFlagsInit" but is required
13:56:51,950 (main) DEBUG [DataNucleus.Enhancer] - Class "org.woz.protozoa.model.mysql.Location" doesnt have method "dnCopyField" but is required
13:56:51,950 (main) DEBUG [DataNucleus.Enhancer] - Class "org.woz.protozoa.model.mysql.Location" doesnt have method "___dn$loadClass" but is required
13:56:51,950 (main) DEBUG [DataNucleus.Enhancer] - Class "org.woz.protozoa.model.mysql.Location" doesnt have method "dnIsDetached" but is required
13:56:51,950 (main) DEBUG [DataNucleus.Enhancer] - Class "org.woz.protozoa.model.mysql.Location" doesnt have method "dnSuperClone" but is required
13:56:51,950 (main) DEBUG [DataNucleus.Enhancer] - Adding interface: org.datanucleus.enhancer.Persistable
13:56:51,950 (main) DEBUG [DataNucleus.Enhancer] - Enhancing original method org.woz.protozoa.model.mysql.Location.<init> : omitting enhance of set of field "org.woz.protozoa.model.mysql.Location.devices"
13:56:51,950 (main) DEBUG [DataNucleus.Enhancer] - Enhancing original method org.woz.protozoa.model.mysql.Location.setState changing field "org.woz.protozoa.model.mysql.Location.state" for call to "dnSetstate()"
13:56:51,950 (main) DEBUG [DataNucleus.Enhancer] - Enhancing original method org.woz.protozoa.model.mysql.Location.getState changing field "org.woz.protozoa.model.mysql.Location.state" for call to "dnGetstate()"
13:56:51,950 (main) DEBUG [DataNucleus.Enhancer] - Enhancing original method org.woz.protozoa.model.mysql.Location.setType changing field "org.woz.protozoa.model.mysql.Location.type" for call to "dnSettype()"
13:56:51,950 (main) DEBUG [DataNucleus.Enhancer] - Enhancing original method org.woz.protozoa.model.mysql.Location.getType changing field "org.woz.protozoa.model.mysql.Location.type" for call to "dnGettype()"
13:56:51,950 (main) DEBUG [DataNucleus.Enhancer] - Adding field "[B dnFieldFlags"
13:56:51,950 (main) DEBUG [DataNucleus.Enhancer] - Adding field "java.lang.Class dnPersistableSuperclass"
13:56:51,950 (main) DEBUG [DataNucleus.Enhancer] - Adding field "[Ljava.lang.Class; dnFieldTypes"
13:56:51,950 (main) DEBUG [DataNucleus.Enhancer] - Adding field "[Ljava.lang.String; dnFieldNames"
13:56:51,950 (main) DEBUG [DataNucleus.Enhancer] - Adding field "int dnInheritedFieldCount"
13:56:51,950 (main) DEBUG [DataNucleus.Enhancer] - Adding method "void <clinit>()"
13:56:51,950 (main) DEBUG [DataNucleus.Enhancer] - Adding constructor "org.woz.protozoa.model.mysql.Location()"
13:56:51,950 (main) DEBUG [DataNucleus.Enhancer] - Adding method "boolean dnIsDetached()"
13:56:51,950 (main) DEBUG [DataNucleus.Enhancer] - Adding method "org.datanucleus.enhancer.Persistable dnNewInstance(interface org.datanucleus.state.StateManager sm)"
13:56:51,950 (main) DEBUG [DataNucleus.Enhancer] - Adding method "org.datanucleus.enhancer.Persistable dnNewInstance(interface org.datanucleus.state.StateManager sm, class java.lang.Object obj)"
13:56:51,950 (main) DEBUG [DataNucleus.Enhancer] - Adding method "void dnReplaceField(int index)"
13:56:51,950 (main) DEBUG [DataNucleus.Enhancer] - Adding method "void dnProvideField(int index)"
13:56:51,950 (main) DEBUG [DataNucleus.Enhancer] - Adding method "void dnCopyField(class org.woz.protozoa.model.mysql.Location obj, int index)"
13:56:51,950 (main) DEBUG [DataNucleus.Enhancer] - Adding method "void dnCopyFields(class java.lang.Object obj, class [I indices)"
13:56:51,950 (main) DEBUG [DataNucleus.Enhancer] - Adding method "[Ljava.lang.String; __dnFieldNamesInit()"
13:56:51,950 (main) DEBUG [DataNucleus.Enhancer] - Adding method "[Ljava.lang.Class; __dnFieldTypesInit()"
13:56:51,950 (main) DEBUG [DataNucleus.Enhancer] - Adding method "[B __dnFieldFlagsInit()"
13:56:51,950 (main) DEBUG [DataNucleus.Enhancer] - Adding method "int __dnGetInheritedFieldCount()"
13:56:51,950 (main) DEBUG [DataNucleus.Enhancer] - Adding method "int dnGetManagedFieldCount()"
13:56:51,950 (main) DEBUG [DataNucleus.Enhancer] - Adding method "java.lang.Class __dnPersistableSuperclassInit()"
13:56:51,950 (main) DEBUG [DataNucleus.Enhancer] - Adding method "java.lang.Class ___dn$loadClass(class java.lang.String className)"
13:56:51,950 (main) DEBUG [DataNucleus.Enhancer] - Adding method "java.lang.Object dnSuperClone()"
13:56:51,950 (main) DEBUG [DataNucleus.Enhancer] - Adding method "org.woz.protozoa.core.type.State dnGetstate(class org.woz.protozoa.model.mysql.Location objPC)"
13:56:51,965 (main) DEBUG [DataNucleus.Enhancer] - Adding method "void dnSetstate(class org.woz.protozoa.model.mysql.Location objPC, class org.woz.protozoa.core.type.State val)"
13:56:51,965 (main) DEBUG [DataNucleus.Enhancer] - Adding method "org.woz.protozoa.core.type.Type dnGettype(class org.woz.protozoa.model.mysql.Location objPC)"
13:56:51,965 (main) DEBUG [DataNucleus.Enhancer] - Adding method "void dnSettype(class org.woz.protozoa.model.mysql.Location objPC, class org.woz.protozoa.core.type.Type val)"
13:56:51,965 (main) INFO  [DataNucleus.Enhancer] - Writing class file "C:\Users\wos\Documents\NetBeansProjects\Protozoa\model\mysql\target\classes\org\woz\protozoa\model\mysql\Location.class" with enhanced definition
13:56:51,965 (main) DEBUG [DataNucleus.Enhancer] - Enhance of class "org.woz.protozoa.model.mysql.Location" completed
13:56:51,965 (main) INFO  [DataNucleus.Enhancer] - DataNucleus Enhancer completed with success for 2 classes.
