22:59:26,605 (main) DEBUG [DataNucleus.General] - Using PluginRegistry org.datanucleus.plugin.NonManagedPluginRegistry
22:59:26,657 (main) DEBUG [DataNucleus.General] - Registering bundle org.sonatype.inject version 2.3.0 at URL file:/C:/Users/wos/.m2/repository/org/sonatype/sisu/sisu-inject-bean/2.3.0/sisu-inject-bean-2.3.0.jar.
22:59:26,699 (main) DEBUG [DataNucleus.General] - Loading extension points from plug-in file jar:file:/C:/Users/wos/.m2/repository/org/sonatype/sisu/sisu-inject-bean/2.3.0/sisu-inject-bean-2.3.0.jar!/plugin.xml.
22:59:26,701 (main) DEBUG [DataNucleus.General] - Loading extensions from plug-in file jar:file:/C:/Users/wos/.m2/repository/org/sonatype/sisu/sisu-inject-bean/2.3.0/sisu-inject-bean-2.3.0.jar!/plugin.xml.
22:59:26,704 (main) DEBUG [DataNucleus.General] - Registering bundle org.datanucleus version 4.0.3 at URL file:/C:/Users/wos/.m2/repository/org/datanucleus/datanucleus-core/4.0.3/datanucleus-core-4.0.3.jar.
22:59:26,736 (main) DEBUG [DataNucleus.General] - Loading extension points from plug-in file jar:file:/C:/Users/wos/.m2/repository/org/datanucleus/datanucleus-core/4.0.3/datanucleus-core-4.0.3.jar!/plugin.xml.
22:59:26,777 (main) DEBUG [DataNucleus.General] - Loading extensions from plug-in file jar:file:/C:/Users/wos/.m2/repository/org/datanucleus/datanucleus-core/4.0.3/datanucleus-core-4.0.3.jar!/plugin.xml.
22:59:26,783 (main) DEBUG [DataNucleus.General] - Registering bundle org.datanucleus.api.jdo version 4.0.3 at URL file:/C:/Users/wos/.m2/repository/org/datanucleus/datanucleus-api-jdo/4.0.3/datanucleus-api-jdo-4.0.3.jar.
22:59:26,789 (main) DEBUG [DataNucleus.General] - Loading extension points from plug-in file jar:file:/C:/Users/wos/.m2/repository/org/datanucleus/datanucleus-api-jdo/4.0.3/datanucleus-api-jdo-4.0.3.jar!/plugin.xml.
22:59:26,791 (main) DEBUG [DataNucleus.General] - Loading extensions from plug-in file jar:file:/C:/Users/wos/.m2/repository/org/datanucleus/datanucleus-api-jdo/4.0.3/datanucleus-api-jdo-4.0.3.jar!/plugin.xml.
22:59:26,830 (main) DEBUG [DataNucleus.Persistence] - Java types support initialising ...
22:59:26,876 (main) DEBUG [DataNucleus.Persistence] - Java types support loaded : supported java types=[B, [C, [D, [F, [I, [J, [Ljava.lang.Boolean;, [Ljava.lang.Byte;, [Ljava.lang.Character;, [Ljava.lang.Double;, [Ljava.lang.Enum;, [Ljava.lang.Float;, [Ljava.lang.Integer;, [Ljava.lang.Long;, [Ljava.lang.Number;, [Ljava.lang.Short;, [Ljava.lang.String;, [Ljava.math.BigDecimal;, [Ljava.math.BigInteger;, [Ljava.util.Date;, [Ljava.util.Locale;, [S, [Z, boolean, byte, char, double, float, int, java.awt.Color, java.awt.image.BufferedImage, java.lang.Boolean, java.lang.Byte, java.lang.Character, java.lang.Class, java.lang.Double, java.lang.Enum, java.lang.Float, java.lang.Integer, java.lang.Long, java.lang.Number, java.lang.Short, java.lang.String, java.lang.StringBuffer, java.lang.StringBuilder, java.math.BigDecimal, java.math.BigInteger, java.net.URI, java.net.URL, java.sql.Date, java.sql.Time, java.sql.Timestamp, java.util.ArrayList, java.util.Arrays$ArrayList, java.util.BitSet, java.util.Calendar, java.util.Collection, java.util.Currency, java.util.Date, java.util.GregorianCalendar, java.util.HashMap, java.util.HashSet, java.util.Hashtable, java.util.LinkedHashMap, java.util.LinkedHashSet, java.util.LinkedList, java.util.List, java.util.Locale, java.util.Map, java.util.PriorityQueue, java.util.Properties, java.util.Queue, java.util.Set, java.util.SortedMap, java.util.SortedSet, java.util.Stack, java.util.TimeZone, java.util.TreeMap, java.util.TreeSet, java.util.UUID, java.util.Vector, long, short
22:59:26,877 (main) DEBUG [DataNucleus.Persistence] - Type converter support initialising ...
22:59:26,914 (main) DEBUG [DataNucleus.Persistence] - Type converter support loaded
22:59:26,914 (main) DEBUG [DataNucleus.Persistence] - TypeConverter(s) available for byte[] to : java.nio.ByteBuffer
22:59:26,915 (main) DEBUG [DataNucleus.Persistence] - TypeConverter(s) available for char[] to : java.nio.ByteBuffer
22:59:26,915 (main) DEBUG [DataNucleus.Persistence] - TypeConverter(s) available for double[] to : java.nio.ByteBuffer
22:59:26,915 (main) DEBUG [DataNucleus.Persistence] - TypeConverter(s) available for float[] to : java.nio.ByteBuffer
22:59:26,915 (main) DEBUG [DataNucleus.Persistence] - TypeConverter(s) available for int[] to : java.nio.ByteBuffer
22:59:26,915 (main) DEBUG [DataNucleus.Persistence] - TypeConverter(s) available for long[] to : java.nio.ByteBuffer
22:59:26,915 (main) DEBUG [DataNucleus.Persistence] - TypeConverter(s) available for short[] to : java.nio.ByteBuffer
22:59:26,915 (main) DEBUG [DataNucleus.Persistence] - TypeConverter(s) available for boolean[] to : java.nio.ByteBuffer
22:59:26,915 (main) DEBUG [DataNucleus.Persistence] - TypeConverter(s) available for java.awt.Color to : int[],java.lang.String
22:59:26,915 (main) DEBUG [DataNucleus.Persistence] - TypeConverter(s) available for java.io.Serializable to : java.nio.ByteBuffer,java.lang.String,byte[]
22:59:26,915 (main) DEBUG [DataNucleus.Persistence] - TypeConverter(s) available for java.lang.Boolean to : java.lang.Integer,java.lang.Character
22:59:26,915 (main) DEBUG [DataNucleus.Persistence] - TypeConverter(s) available for java.lang.Character to : java.lang.String
22:59:26,916 (main) DEBUG [DataNucleus.Persistence] - TypeConverter(s) available for java.lang.Class to : java.lang.String
22:59:26,916 (main) DEBUG [DataNucleus.Persistence] - TypeConverter(s) available for java.lang.Integer to : java.lang.String
22:59:26,916 (main) DEBUG [DataNucleus.Persistence] - TypeConverter(s) available for java.lang.Long to : java.lang.String
22:59:26,916 (main) DEBUG [DataNucleus.Persistence] - TypeConverter(s) available for java.lang.StringBuffer to : java.lang.String
22:59:26,916 (main) DEBUG [DataNucleus.Persistence] - TypeConverter(s) available for java.lang.StringBuilder to : java.lang.String
22:59:26,916 (main) DEBUG [DataNucleus.Persistence] - TypeConverter(s) available for java.math.BigDecimal to : java.nio.ByteBuffer,java.lang.String,java.lang.Double
22:59:26,916 (main) DEBUG [DataNucleus.Persistence] - TypeConverter(s) available for java.math.BigInteger to : java.nio.ByteBuffer,java.lang.Long,java.lang.String
22:59:26,916 (main) DEBUG [DataNucleus.Persistence] - TypeConverter(s) available for java.net.URI to : java.lang.String
22:59:26,916 (main) DEBUG [DataNucleus.Persistence] - TypeConverter(s) available for java.net.URL to : java.lang.String
22:59:26,916 (main) DEBUG [DataNucleus.Persistence] - TypeConverter(s) available for java.sql.Date to : java.lang.Long,java.util.Date,java.lang.String
22:59:26,916 (main) DEBUG [DataNucleus.Persistence] - TypeConverter(s) available for java.sql.Time to : java.lang.Long,java.util.Date,java.lang.String
22:59:26,916 (main) DEBUG [DataNucleus.Persistence] - TypeConverter(s) available for java.sql.Timestamp to : java.lang.Long,java.util.Date,java.lang.String
22:59:26,917 (main) DEBUG [DataNucleus.Persistence] - TypeConverter(s) available for java.util.BitSet to : java.lang.String
22:59:26,917 (main) DEBUG [DataNucleus.Persistence] - TypeConverter(s) available for java.util.Calendar to : java.sql.Timestamp,java.util.Date,java.lang.String,[Ljava.lang.Object;
22:59:26,917 (main) DEBUG [DataNucleus.Persistence] - TypeConverter(s) available for java.util.Currency to : java.lang.String
22:59:26,917 (main) DEBUG [DataNucleus.Persistence] - TypeConverter(s) available for java.util.Date to : java.lang.Long,java.lang.String
22:59:26,917 (main) DEBUG [DataNucleus.Persistence] - TypeConverter(s) available for java.util.Locale to : java.lang.String
22:59:26,917 (main) DEBUG [DataNucleus.Persistence] - TypeConverter(s) available for java.util.TimeZone to : java.lang.String
22:59:26,917 (main) DEBUG [DataNucleus.Persistence] - TypeConverter(s) available for java.util.UUID to : java.lang.String
22:59:26,919 (main) DEBUG [DataNucleus.MetaData] - MetaDataManager : Input=(XML,Annotations), XML-Validation=false, XML-Suffices=(persistence=*.jdo, orm=orm, query=*.jdoquery), JDO-listener=false
22:59:26,919 (main) INFO  [DataNucleus.Enhancer] - DataNucleus Enhancer (version 4.0.3) for API "JDO"
22:59:26,920 (main) DEBUG [DataNucleus.Enhancer] - DataNucleus Enhancer : Classpath
22:59:26,920 (main) DEBUG [DataNucleus.Enhancer] - >>  C:\Users\wos\.m2\repository\org\datanucleus\datanucleus-maven-plugin\4.0.0-m2\datanucleus-maven-plugin-4.0.0-m2.jar
22:59:26,920 (main) DEBUG [DataNucleus.Enhancer] - >>  C:\Users\wos\.m2\repository\org\codehaus\plexus\plexus-utils\3.0.8\plexus-utils-3.0.8.jar
22:59:26,920 (main) DEBUG [DataNucleus.Enhancer] - >>  C:\Users\wos\.m2\repository\org\codehaus\plexus\plexus-component-annotations\1.5.5\plexus-component-annotations-1.5.5.jar
22:59:26,920 (main) DEBUG [DataNucleus.Enhancer] - >>  C:\Users\wos\.m2\repository\org\sonatype\sisu\sisu-inject-bean\2.3.0\sisu-inject-bean-2.3.0.jar
22:59:26,920 (main) DEBUG [DataNucleus.Enhancer] - >>  C:\Users\wos\.m2\repository\org\sonatype\sisu\sisu-guice\3.1.0\sisu-guice-3.1.0-no_aop.jar
22:59:26,920 (main) DEBUG [DataNucleus.Enhancer] - >>  C:\Users\wos\.m2\repository\org\sonatype\sisu\sisu-guava\0.9.9\sisu-guava-0.9.9.jar
22:59:26,921 (main) DEBUG [DataNucleus.Enhancer] - >>  C:\Users\wos\.m2\repository\org\apache\xbean\xbean-reflect\3.4\xbean-reflect-3.4.jar
22:59:26,921 (main) DEBUG [DataNucleus.Enhancer] - >>  C:\Users\wos\.m2\repository\log4j\log4j\1.2.12\log4j-1.2.12.jar
22:59:26,921 (main) DEBUG [DataNucleus.Enhancer] - >>  C:\Users\wos\.m2\repository\commons-logging\commons-logging-api\1.1\commons-logging-api-1.1.jar
22:59:26,921 (main) DEBUG [DataNucleus.Enhancer] - >>  C:\Users\wos\.m2\repository\com\google\collections\google-collections\1.0\google-collections-1.0.jar
22:59:26,921 (main) DEBUG [DataNucleus.Enhancer] - >>  C:\Users\wos\.m2\repository\junit\junit\3.8.2\junit-3.8.2.jar
22:59:26,921 (main) DEBUG [DataNucleus.Enhancer] - >>  C:\Users\wos\Documents\NetBeansProjects\Protozoo\system\core\target\classes
22:59:26,921 (main) DEBUG [DataNucleus.Enhancer] - >>  C:\Users\wos\.m2\repository\javax\jdo\jdo-api\3.1-rc1\jdo-api-3.1-rc1.jar
22:59:26,921 (main) DEBUG [DataNucleus.Enhancer] - >>  C:\Users\wos\.m2\repository\javax\transaction\transaction-api\1.1\transaction-api-1.1.jar
22:59:26,921 (main) DEBUG [DataNucleus.Enhancer] - >>  C:\Users\wos\.m2\repository\org\datanucleus\datanucleus-core\4.0.3\datanucleus-core-4.0.3.jar
22:59:26,921 (main) DEBUG [DataNucleus.Enhancer] - >>  C:\Users\wos\.m2\repository\org\datanucleus\datanucleus-api-jdo\4.0.3\datanucleus-api-jdo-4.0.3.jar
22:59:26,921 (main) DEBUG [DataNucleus.Enhancer] - >>  C:\Users\wos\.m2\repository\org\slf4j\slf4j-api\1.7.7\slf4j-api-1.7.7.jar
22:59:26,922 (main) DEBUG [DataNucleus.Enhancer] - >>  C:\Users\wos\.m2\repository\org\slf4j\slf4j-simple\1.7.7\slf4j-simple-1.7.7.jar
22:59:26,922 (main) DEBUG [DataNucleus.Enhancer] - >>  C:\Users\wos\.m2\repository\commons-lang\commons-lang\2.6\commons-lang-2.6.jar
22:59:26,922 (main) DEBUG [DataNucleus.Enhancer] - >>  C:\Users\wos\.m2\repository\org\osgi\org.osgi.core\5.0.0\org.osgi.core-5.0.0.jar
22:59:26,922 (main) DEBUG [DataNucleus.Enhancer] - >>  C:\Users\wos\.m2\repository\org\osgi\org.osgi.compendium\5.0.0\org.osgi.compendium-5.0.0.jar
22:59:26,922 (main) DEBUG [DataNucleus.Enhancer] - Reading fileListFile: C:\Users\wos\AppData\Local\Temp\enhancer-5768801835605051601.flf
22:59:26,935 (main) DEBUG [DataNucleus.Enhancer] - Enhancing classes
22:59:27,009 (main) DEBUG [DataNucleus.MetaData] - MetaData Management : Loading Metadata for classes "[org.protozoo.system.core.internal.Activator, org.protozoo.system.core.item.AbstractItem, org.protozoo.system.core.item.CapableItem, org.protozoo.system.core.item.Item, org.protozoo.system.core.type.Capability, org.protozoo.system.core.type.Capable, org.protozoo.system.core.type.State, org.protozoo.system.core.type.Stateful, org.protozoo.system.core.type.Type, org.protozoo.system.core.type.Typeful]" ...
22:59:27,028 (main) DEBUG [DataNucleus.MetaData] - MetaData of type "jdo" for class "org.protozoo.system.core.internal.Activator" NOT found at /META-INF/package.jdo
22:59:27,029 (main) DEBUG [DataNucleus.MetaData] - MetaData of type "jdo" for class "org.protozoo.system.core.internal.Activator" NOT found at /WEB-INF/package.jdo
22:59:27,029 (main) DEBUG [DataNucleus.MetaData] - MetaData of type "jdo" for class "org.protozoo.system.core.internal.Activator" NOT found at /package.jdo
22:59:27,030 (main) DEBUG [DataNucleus.MetaData] - MetaData of type "jdo" for class "org.protozoo.system.core.internal.Activator" NOT found at /org/package.jdo
22:59:27,030 (main) DEBUG [DataNucleus.MetaData] - MetaData of type "jdo" for class "org.protozoo.system.core.internal.Activator" NOT found at /org.jdo
22:59:27,030 (main) DEBUG [DataNucleus.MetaData] - MetaData of type "jdo" for class "org.protozoo.system.core.internal.Activator" NOT found at /org/protozoo/package.jdo
22:59:27,031 (main) DEBUG [DataNucleus.MetaData] - MetaData of type "jdo" for class "org.protozoo.system.core.internal.Activator" NOT found at /org/protozoo.jdo
22:59:27,031 (main) DEBUG [DataNucleus.MetaData] - MetaData of type "jdo" for class "org.protozoo.system.core.internal.Activator" NOT found at /org/protozoo/system/package.jdo
22:59:27,032 (main) DEBUG [DataNucleus.MetaData] - MetaData of type "jdo" for class "org.protozoo.system.core.internal.Activator" NOT found at /org/protozoo/system.jdo
22:59:27,032 (main) DEBUG [DataNucleus.MetaData] - MetaData of type "jdo" for class "org.protozoo.system.core.internal.Activator" NOT found at /org/protozoo/system/core/package.jdo
22:59:27,032 (main) DEBUG [DataNucleus.MetaData] - MetaData of type "jdo" for class "org.protozoo.system.core.internal.Activator" NOT found at /org/protozoo/system/core.jdo
22:59:27,033 (main) DEBUG [DataNucleus.MetaData] - MetaData of type "jdo" for class "org.protozoo.system.core.internal.Activator" NOT found at /org/protozoo/system/core/internal/package.jdo
22:59:27,033 (main) DEBUG [DataNucleus.MetaData] - MetaData of type "jdo" for class "org.protozoo.system.core.internal.Activator" NOT found at /org/protozoo/system/core/internal.jdo
22:59:27,033 (main) DEBUG [DataNucleus.MetaData] - MetaData of type "jdo" for class "org.protozoo.system.core.internal.Activator" NOT found at /org/protozoo/system/core/internal/Activator.jdo
22:59:27,034 (main) DEBUG [DataNucleus.MetaData] - MetaData of type "jdo" for class "org.protozoo.system.core.internal.Activator" not found
22:59:27,034 (main) DEBUG [DataNucleus.MetaData] - Registering class "org.protozoo.system.core.internal.Activator" as not having MetaData.
22:59:27,034 (main) DEBUG [DataNucleus.MetaData] - Class "org.protozoo.system.core.internal.Activator" has no MetaData or annotations.
22:59:27,121 (main) DEBUG [DataNucleus.MetaData] - Class "org.protozoo.system.core.item.AbstractItem" has been specified with JDO annotations so using those.
22:59:27,139 (main) DEBUG [DataNucleus.MetaData] - MetaData of type "jdo" for class "org.protozoo.system.core.item.CapableItem" NOT found at /META-INF/package.jdo
22:59:27,140 (main) DEBUG [DataNucleus.MetaData] - MetaData of type "jdo" for class "org.protozoo.system.core.item.CapableItem" NOT found at /WEB-INF/package.jdo
22:59:27,140 (main) DEBUG [DataNucleus.MetaData] - MetaData of type "jdo" for class "org.protozoo.system.core.item.CapableItem" NOT found at /package.jdo
22:59:27,141 (main) DEBUG [DataNucleus.MetaData] - MetaData of type "jdo" for class "org.protozoo.system.core.item.CapableItem" NOT found at /org/package.jdo
22:59:27,141 (main) DEBUG [DataNucleus.MetaData] - MetaData of type "jdo" for class "org.protozoo.system.core.item.CapableItem" NOT found at /org.jdo
22:59:27,142 (main) DEBUG [DataNucleus.MetaData] - MetaData of type "jdo" for class "org.protozoo.system.core.item.CapableItem" NOT found at /org/protozoo/package.jdo
22:59:27,142 (main) DEBUG [DataNucleus.MetaData] - MetaData of type "jdo" for class "org.protozoo.system.core.item.CapableItem" NOT found at /org/protozoo.jdo
22:59:27,143 (main) DEBUG [DataNucleus.MetaData] - MetaData of type "jdo" for class "org.protozoo.system.core.item.CapableItem" NOT found at /org/protozoo/system/package.jdo
22:59:27,143 (main) DEBUG [DataNucleus.MetaData] - MetaData of type "jdo" for class "org.protozoo.system.core.item.CapableItem" NOT found at /org/protozoo/system.jdo
22:59:27,143 (main) DEBUG [DataNucleus.MetaData] - MetaData of type "jdo" for class "org.protozoo.system.core.item.CapableItem" NOT found at /org/protozoo/system/core/package.jdo
22:59:27,144 (main) DEBUG [DataNucleus.MetaData] - MetaData of type "jdo" for class "org.protozoo.system.core.item.CapableItem" NOT found at /org/protozoo/system/core.jdo
22:59:27,144 (main) DEBUG [DataNucleus.MetaData] - MetaData of type "jdo" for class "org.protozoo.system.core.item.CapableItem" NOT found at /org/protozoo/system/core/item/package.jdo
22:59:27,145 (main) DEBUG [DataNucleus.MetaData] - MetaData of type "jdo" for class "org.protozoo.system.core.item.CapableItem" NOT found at /org/protozoo/system/core/item.jdo
22:59:27,145 (main) DEBUG [DataNucleus.MetaData] - MetaData of type "jdo" for class "org.protozoo.system.core.item.CapableItem" NOT found at /org/protozoo/system/core/item/CapableItem.jdo
22:59:27,145 (main) DEBUG [DataNucleus.MetaData] - MetaData of type "jdo" for class "org.protozoo.system.core.item.CapableItem" not found
22:59:27,145 (main) DEBUG [DataNucleus.MetaData] - Registering class "org.protozoo.system.core.item.CapableItem" as not having MetaData.
22:59:27,146 (main) DEBUG [DataNucleus.MetaData] - Class "org.protozoo.system.core.item.CapableItem" has no MetaData or annotations.
22:59:27,146 (main) DEBUG [DataNucleus.MetaData] - Class "org.protozoo.system.core.item.Item" has no MetaData or annotations.
22:59:27,147 (main) DEBUG [DataNucleus.MetaData] - MetaData of type "jdo" for class "org.protozoo.system.core.type.Capability" NOT found at /META-INF/package.jdo
22:59:27,148 (main) DEBUG [DataNucleus.MetaData] - MetaData of type "jdo" for class "org.protozoo.system.core.type.Capability" NOT found at /WEB-INF/package.jdo
22:59:27,148 (main) DEBUG [DataNucleus.MetaData] - MetaData of type "jdo" for class "org.protozoo.system.core.type.Capability" NOT found at /package.jdo
22:59:27,149 (main) DEBUG [DataNucleus.MetaData] - MetaData of type "jdo" for class "org.protozoo.system.core.type.Capability" NOT found at /org/package.jdo
22:59:27,149 (main) DEBUG [DataNucleus.MetaData] - MetaData of type "jdo" for class "org.protozoo.system.core.type.Capability" NOT found at /org.jdo
22:59:27,150 (main) DEBUG [DataNucleus.MetaData] - MetaData of type "jdo" for class "org.protozoo.system.core.type.Capability" NOT found at /org/protozoo/package.jdo
22:59:27,150 (main) DEBUG [DataNucleus.MetaData] - MetaData of type "jdo" for class "org.protozoo.system.core.type.Capability" NOT found at /org/protozoo.jdo
22:59:27,151 (main) DEBUG [DataNucleus.MetaData] - MetaData of type "jdo" for class "org.protozoo.system.core.type.Capability" NOT found at /org/protozoo/system/package.jdo
22:59:27,151 (main) DEBUG [DataNucleus.MetaData] - MetaData of type "jdo" for class "org.protozoo.system.core.type.Capability" NOT found at /org/protozoo/system.jdo
22:59:27,151 (main) DEBUG [DataNucleus.MetaData] - MetaData of type "jdo" for class "org.protozoo.system.core.type.Capability" NOT found at /org/protozoo/system/core/package.jdo
22:59:27,152 (main) DEBUG [DataNucleus.MetaData] - MetaData of type "jdo" for class "org.protozoo.system.core.type.Capability" NOT found at /org/protozoo/system/core.jdo
22:59:27,152 (main) DEBUG [DataNucleus.MetaData] - MetaData of type "jdo" for class "org.protozoo.system.core.type.Capability" NOT found at /org/protozoo/system/core/type/package.jdo
22:59:27,153 (main) DEBUG [DataNucleus.MetaData] - MetaData of type "jdo" for class "org.protozoo.system.core.type.Capability" NOT found at /org/protozoo/system/core/type.jdo
22:59:27,153 (main) DEBUG [DataNucleus.MetaData] - MetaData of type "jdo" for class "org.protozoo.system.core.type.Capability" NOT found at /org/protozoo/system/core/type/Capability.jdo
22:59:27,153 (main) DEBUG [DataNucleus.MetaData] - MetaData of type "jdo" for class "org.protozoo.system.core.type.Capability" not found
22:59:27,153 (main) DEBUG [DataNucleus.MetaData] - Registering class "org.protozoo.system.core.type.Capability" as not having MetaData.
22:59:27,153 (main) DEBUG [DataNucleus.MetaData] - Class "org.protozoo.system.core.type.Capability" has no MetaData or annotations.
22:59:27,154 (main) DEBUG [DataNucleus.MetaData] - Class "org.protozoo.system.core.type.Capable" has no MetaData or annotations.
22:59:27,155 (main) DEBUG [DataNucleus.MetaData] - MetaData of type "jdo" for class "org.protozoo.system.core.type.State" NOT found at /META-INF/package.jdo
22:59:27,156 (main) DEBUG [DataNucleus.MetaData] - MetaData of type "jdo" for class "org.protozoo.system.core.type.State" NOT found at /WEB-INF/package.jdo
22:59:27,156 (main) DEBUG [DataNucleus.MetaData] - MetaData of type "jdo" for class "org.protozoo.system.core.type.State" NOT found at /package.jdo
22:59:27,157 (main) DEBUG [DataNucleus.MetaData] - MetaData of type "jdo" for class "org.protozoo.system.core.type.State" NOT found at /org/package.jdo
22:59:27,157 (main) DEBUG [DataNucleus.MetaData] - MetaData of type "jdo" for class "org.protozoo.system.core.type.State" NOT found at /org.jdo
22:59:27,157 (main) DEBUG [DataNucleus.MetaData] - MetaData of type "jdo" for class "org.protozoo.system.core.type.State" NOT found at /org/protozoo/package.jdo
22:59:27,158 (main) DEBUG [DataNucleus.MetaData] - MetaData of type "jdo" for class "org.protozoo.system.core.type.State" NOT found at /org/protozoo.jdo
22:59:27,158 (main) DEBUG [DataNucleus.MetaData] - MetaData of type "jdo" for class "org.protozoo.system.core.type.State" NOT found at /org/protozoo/system/package.jdo
22:59:27,159 (main) DEBUG [DataNucleus.MetaData] - MetaData of type "jdo" for class "org.protozoo.system.core.type.State" NOT found at /org/protozoo/system.jdo
22:59:27,159 (main) DEBUG [DataNucleus.MetaData] - MetaData of type "jdo" for class "org.protozoo.system.core.type.State" NOT found at /org/protozoo/system/core/package.jdo
22:59:27,160 (main) DEBUG [DataNucleus.MetaData] - MetaData of type "jdo" for class "org.protozoo.system.core.type.State" NOT found at /org/protozoo/system/core.jdo
22:59:27,160 (main) DEBUG [DataNucleus.MetaData] - MetaData of type "jdo" for class "org.protozoo.system.core.type.State" NOT found at /org/protozoo/system/core/type/package.jdo
22:59:27,161 (main) DEBUG [DataNucleus.MetaData] - MetaData of type "jdo" for class "org.protozoo.system.core.type.State" NOT found at /org/protozoo/system/core/type.jdo
22:59:27,161 (main) DEBUG [DataNucleus.MetaData] - MetaData of type "jdo" for class "org.protozoo.system.core.type.State" NOT found at /org/protozoo/system/core/type/State.jdo
22:59:27,161 (main) DEBUG [DataNucleus.MetaData] - MetaData of type "jdo" for class "org.protozoo.system.core.type.State" not found
22:59:27,161 (main) DEBUG [DataNucleus.MetaData] - Registering class "org.protozoo.system.core.type.State" as not having MetaData.
22:59:27,162 (main) DEBUG [DataNucleus.MetaData] - Class "org.protozoo.system.core.type.State" has no MetaData or annotations.
22:59:27,162 (main) DEBUG [DataNucleus.MetaData] - Class "org.protozoo.system.core.type.Stateful" has no MetaData or annotations.
22:59:27,163 (main) DEBUG [DataNucleus.MetaData] - MetaData of type "jdo" for class "org.protozoo.system.core.type.Type" NOT found at /META-INF/package.jdo
22:59:27,164 (main) DEBUG [DataNucleus.MetaData] - MetaData of type "jdo" for class "org.protozoo.system.core.type.Type" NOT found at /WEB-INF/package.jdo
22:59:27,164 (main) DEBUG [DataNucleus.MetaData] - MetaData of type "jdo" for class "org.protozoo.system.core.type.Type" NOT found at /package.jdo
22:59:27,167 (main) DEBUG [DataNucleus.MetaData] - MetaData of type "jdo" for class "org.protozoo.system.core.type.Type" NOT found at /org/package.jdo
22:59:27,167 (main) DEBUG [DataNucleus.MetaData] - MetaData of type "jdo" for class "org.protozoo.system.core.type.Type" NOT found at /org.jdo
22:59:27,168 (main) DEBUG [DataNucleus.MetaData] - MetaData of type "jdo" for class "org.protozoo.system.core.type.Type" NOT found at /org/protozoo/package.jdo
22:59:27,168 (main) DEBUG [DataNucleus.MetaData] - MetaData of type "jdo" for class "org.protozoo.system.core.type.Type" NOT found at /org/protozoo.jdo
22:59:27,169 (main) DEBUG [DataNucleus.MetaData] - MetaData of type "jdo" for class "org.protozoo.system.core.type.Type" NOT found at /org/protozoo/system/package.jdo
22:59:27,169 (main) DEBUG [DataNucleus.MetaData] - MetaData of type "jdo" for class "org.protozoo.system.core.type.Type" NOT found at /org/protozoo/system.jdo
22:59:27,169 (main) DEBUG [DataNucleus.MetaData] - MetaData of type "jdo" for class "org.protozoo.system.core.type.Type" NOT found at /org/protozoo/system/core/package.jdo
22:59:27,170 (main) DEBUG [DataNucleus.MetaData] - MetaData of type "jdo" for class "org.protozoo.system.core.type.Type" NOT found at /org/protozoo/system/core.jdo
22:59:27,170 (main) DEBUG [DataNucleus.MetaData] - MetaData of type "jdo" for class "org.protozoo.system.core.type.Type" NOT found at /org/protozoo/system/core/type/package.jdo
22:59:27,171 (main) DEBUG [DataNucleus.MetaData] - MetaData of type "jdo" for class "org.protozoo.system.core.type.Type" NOT found at /org/protozoo/system/core/type.jdo
22:59:27,171 (main) DEBUG [DataNucleus.MetaData] - MetaData of type "jdo" for class "org.protozoo.system.core.type.Type" NOT found at /org/protozoo/system/core/type/Type.jdo
22:59:27,171 (main) DEBUG [DataNucleus.MetaData] - MetaData of type "jdo" for class "org.protozoo.system.core.type.Type" not found
22:59:27,171 (main) DEBUG [DataNucleus.MetaData] - Registering class "org.protozoo.system.core.type.Type" as not having MetaData.
22:59:27,171 (main) DEBUG [DataNucleus.MetaData] - Class "org.protozoo.system.core.type.Type" has no MetaData or annotations.
22:59:27,172 (main) DEBUG [DataNucleus.MetaData] - Class "org.protozoo.system.core.type.Typeful" has no MetaData or annotations.
22:59:27,173 (main) DEBUG [DataNucleus.MetaData] - Populating all MetaData ...
22:59:27,173 (main) DEBUG [DataNucleus.MetaData] - Class "org.protozoo.system.core.item.AbstractItem" : Populating Meta-Data
22:59:27,175 (main) DEBUG [DataNucleus.MetaData] - Initialising all MetaData ...
22:59:27,176 (main) DEBUG [DataNucleus.MetaData] - Class "org.protozoo.system.core.item.AbstractItem" : Initialising Meta-Data
22:59:27,179 (main) DEBUG [DataNucleus.MetaData] - MetaData Management : Load of Metadata complete
22:59:27,183 (main) DEBUG [DataNucleus.Enhancer] - Enhance of class "org.protozoo.system.core.item.AbstractItem" starting ...
22:59:27,209 (main) DEBUG [DataNucleus.Enhancer] - Class "org.protozoo.system.core.item.AbstractItem" doesnt implement the interface "org.datanucleus.enhancer.Persistable" but is required
22:59:27,209 (main) DEBUG [DataNucleus.Enhancer] - Class "org.protozoo.system.core.item.AbstractItem" doesnt have field "dnFieldFlags" but is required
22:59:27,209 (main) DEBUG [DataNucleus.Enhancer] - Class "org.protozoo.system.core.item.AbstractItem" doesnt have field "dnInheritedFieldCount" but is required
22:59:27,209 (main) DEBUG [DataNucleus.Enhancer] - Class "org.protozoo.system.core.item.AbstractItem" doesnt have field "dnFlags" but is required
22:59:27,209 (main) DEBUG [DataNucleus.Enhancer] - Class "org.protozoo.system.core.item.AbstractItem" doesnt have field "dnStateManager" but is required
22:59:27,209 (main) DEBUG [DataNucleus.Enhancer] - Class "org.protozoo.system.core.item.AbstractItem" doesnt have field "dnPersistableSuperclass" but is required
22:59:27,209 (main) DEBUG [DataNucleus.Enhancer] - Class "org.protozoo.system.core.item.AbstractItem" doesnt have field "dnFieldNames" but is required
22:59:27,209 (main) DEBUG [DataNucleus.Enhancer] - Class "org.protozoo.system.core.item.AbstractItem" doesnt have field "dnFieldTypes" but is required
22:59:27,210 (main) DEBUG [DataNucleus.Enhancer] - Class "org.protozoo.system.core.item.AbstractItem" doesnt have method "__dnFieldTypesInit" but is required
22:59:27,210 (main) DEBUG [DataNucleus.Enhancer] - Class "org.protozoo.system.core.item.AbstractItem" doesnt have method "__dnPersistableSuperclassInit" but is required
22:59:27,210 (main) DEBUG [DataNucleus.Enhancer] - Class "org.protozoo.system.core.item.AbstractItem" doesnt have method "dnProvideField" but is required
22:59:27,210 (main) DEBUG [DataNucleus.Enhancer] - Class "org.protozoo.system.core.item.AbstractItem" doesnt have method "dnReplaceField" but is required
22:59:27,210 (main) DEBUG [DataNucleus.Enhancer] - Class "org.protozoo.system.core.item.AbstractItem" doesnt have method "dnCopyFields" but is required
22:59:27,210 (main) DEBUG [DataNucleus.Enhancer] - Class "org.protozoo.system.core.item.AbstractItem" doesnt have method "dnIsNew" but is required
22:59:27,210 (main) DEBUG [DataNucleus.Enhancer] - Class "org.protozoo.system.core.item.AbstractItem" doesnt have method "dnGetObjectId" but is required
22:59:27,210 (main) DEBUG [DataNucleus.Enhancer] - Class "org.protozoo.system.core.item.AbstractItem" doesnt have method "dnCopyField" but is required
22:59:27,210 (main) DEBUG [DataNucleus.Enhancer] - Class "org.protozoo.system.core.item.AbstractItem" doesnt have method "dnReplaceStateManager" but is required
22:59:27,210 (main) DEBUG [DataNucleus.Enhancer] - Class "org.protozoo.system.core.item.AbstractItem" doesnt have method "dnReplaceFields" but is required
22:59:27,210 (main) DEBUG [DataNucleus.Enhancer] - Class "org.protozoo.system.core.item.AbstractItem" doesnt have method "dnCopyKeyFieldsToObjectId" but is required
22:59:27,210 (main) DEBUG [DataNucleus.Enhancer] - Class "org.protozoo.system.core.item.AbstractItem" doesnt have method "dnCopyKeyFieldsToObjectId" but is required
22:59:27,210 (main) DEBUG [DataNucleus.Enhancer] - Class "org.protozoo.system.core.item.AbstractItem" doesnt have method "dnGetExecutionContext" but is required
22:59:27,210 (main) DEBUG [DataNucleus.Enhancer] - Class "org.protozoo.system.core.item.AbstractItem" doesnt have method "dnCopyKeyFieldsFromObjectId" but is required
22:59:27,210 (main) DEBUG [DataNucleus.Enhancer] - Class "org.protozoo.system.core.item.AbstractItem" doesnt have method "dnCopyKeyFieldsFromObjectId" but is required
22:59:27,210 (main) DEBUG [DataNucleus.Enhancer] - Class "org.protozoo.system.core.item.AbstractItem" doesnt have method "dnIsPersistent" but is required
22:59:27,211 (main) DEBUG [DataNucleus.Enhancer] - Class "org.protozoo.system.core.item.AbstractItem" doesnt have method "__dnGetInheritedFieldCount" but is required
22:59:27,211 (main) DEBUG [DataNucleus.Enhancer] - Class "org.protozoo.system.core.item.AbstractItem" doesnt have method "dnNewInstance" but is required
22:59:27,211 (main) DEBUG [DataNucleus.Enhancer] - Class "org.protozoo.system.core.item.AbstractItem" doesnt have method "dnNewInstance" but is required
22:59:27,211 (main) DEBUG [DataNucleus.Enhancer] - Class "org.protozoo.system.core.item.AbstractItem" doesnt have method "dnNewObjectIdInstance" but is required
22:59:27,211 (main) DEBUG [DataNucleus.Enhancer] - Class "org.protozoo.system.core.item.AbstractItem" doesnt have method "dnNewObjectIdInstance" but is required
22:59:27,211 (main) DEBUG [DataNucleus.Enhancer] - Class "org.protozoo.system.core.item.AbstractItem" doesnt have method "dnProvideFields" but is required
22:59:27,211 (main) DEBUG [DataNucleus.Enhancer] - Class "org.protozoo.system.core.item.AbstractItem" doesnt have method "dnGetManagedFieldCount" but is required
22:59:27,211 (main) DEBUG [DataNucleus.Enhancer] - Class "org.protozoo.system.core.item.AbstractItem" doesnt have method "__dnFieldNamesInit" but is required
22:59:27,211 (main) DEBUG [DataNucleus.Enhancer] - Class "org.protozoo.system.core.item.AbstractItem" doesnt have method "__dnFieldFlagsInit" but is required
22:59:27,211 (main) DEBUG [DataNucleus.Enhancer] - Class "org.protozoo.system.core.item.AbstractItem" doesnt have method "dnPreSerialize" but is required
22:59:27,211 (main) DEBUG [DataNucleus.Enhancer] - Class "org.protozoo.system.core.item.AbstractItem" doesnt have method "dnMakeDirty" but is required
22:59:27,211 (main) DEBUG [DataNucleus.Enhancer] - Class "org.protozoo.system.core.item.AbstractItem" doesnt have method "dnIsDirty" but is required
22:59:27,211 (main) DEBUG [DataNucleus.Enhancer] - Class "org.protozoo.system.core.item.AbstractItem" doesnt have method "___dn$loadClass" but is required
22:59:27,211 (main) DEBUG [DataNucleus.Enhancer] - Class "org.protozoo.system.core.item.AbstractItem" doesnt have method "dnGetTransactionalObjectId" but is required
22:59:27,211 (main) DEBUG [DataNucleus.Enhancer] - Class "org.protozoo.system.core.item.AbstractItem" doesnt have method "dnIsDetached" but is required
22:59:27,212 (main) DEBUG [DataNucleus.Enhancer] - Class "org.protozoo.system.core.item.AbstractItem" doesnt have method "dnIsTransactional" but is required
22:59:27,212 (main) DEBUG [DataNucleus.Enhancer] - Class "org.protozoo.system.core.item.AbstractItem" doesnt have method "dnIsDeleted" but is required
22:59:27,212 (main) DEBUG [DataNucleus.Enhancer] - Class "org.protozoo.system.core.item.AbstractItem" doesnt have method "dnGetVersion" but is required
22:59:27,212 (main) DEBUG [DataNucleus.Enhancer] - Class "org.protozoo.system.core.item.AbstractItem" doesnt have method "dnReplaceFlags" but is required
22:59:27,212 (main) DEBUG [DataNucleus.Enhancer] - Class "org.protozoo.system.core.item.AbstractItem" doesnt have method "dnSuperClone" but is required
22:59:27,223 (main) DEBUG [DataNucleus.Enhancer] - Adding interface: org.datanucleus.enhancer.Persistable
22:59:27,228 (main) DEBUG [DataNucleus.Enhancer] - Enhancing original method org.protozoo.system.core.item.AbstractItem.<init> : omitting enhance of set of field "org.protozoo.system.core.item.AbstractItem.id"
22:59:27,228 (main) DEBUG [DataNucleus.Enhancer] - Enhancing original method org.protozoo.system.core.item.AbstractItem.<init> : omitting enhance of set of field "org.protozoo.system.core.item.AbstractItem.createdTimestamp"
22:59:27,229 (main) DEBUG [DataNucleus.Enhancer] - Enhancing original method org.protozoo.system.core.item.AbstractItem.toString changing field "org.protozoo.system.core.item.AbstractItem.id" for call to "dnGetid()"
22:59:27,229 (main) DEBUG [DataNucleus.Enhancer] - Enhancing original method org.protozoo.system.core.item.AbstractItem.toString changing field "org.protozoo.system.core.item.AbstractItem.createdTimestamp" for call to "dnGetcreatedTimestamp()"
22:59:27,229 (main) DEBUG [DataNucleus.Enhancer] - Enhancing original method org.protozoo.system.core.item.AbstractItem.getId changing field "org.protozoo.system.core.item.AbstractItem.id" for call to "dnGetid()"
22:59:27,229 (main) DEBUG [DataNucleus.Enhancer] - Enhancing original method org.protozoo.system.core.item.AbstractItem.getCreatedTimestamp changing field "org.protozoo.system.core.item.AbstractItem.createdTimestamp" for call to "dnGetcreatedTimestamp()"
22:59:27,229 (main) DEBUG [DataNucleus.Enhancer] - Adding field "org.datanucleus.state.StateManager dnStateManager"
22:59:27,230 (main) DEBUG [DataNucleus.Enhancer] - Adding field "byte dnFlags"
22:59:27,230 (main) DEBUG [DataNucleus.Enhancer] - Adding field "[B dnFieldFlags"
22:59:27,230 (main) DEBUG [DataNucleus.Enhancer] - Adding field "java.lang.Class dnPersistableSuperclass"
22:59:27,230 (main) DEBUG [DataNucleus.Enhancer] - Adding field "[Ljava.lang.Class; dnFieldTypes"
22:59:27,230 (main) DEBUG [DataNucleus.Enhancer] - Adding field "[Ljava.lang.String; dnFieldNames"
22:59:27,230 (main) DEBUG [DataNucleus.Enhancer] - Adding field "int dnInheritedFieldCount"
22:59:27,231 (main) DEBUG [DataNucleus.Enhancer] - Adding method "void <clinit>()"
22:59:27,233 (main) DEBUG [DataNucleus.Enhancer] - Adding method "void dnCopyKeyFieldsFromObjectId(interface org.datanucleus.enhancer.Persistable$ObjectIdFieldConsumer fc, class java.lang.Object oid)"
22:59:27,233 (main) DEBUG [DataNucleus.Enhancer] - Adding method "void dnCopyKeyFieldsFromObjectId(class java.lang.Object oid)"
22:59:27,233 (main) DEBUG [DataNucleus.Enhancer] - Adding method "void dnCopyKeyFieldsToObjectId(class java.lang.Object oid)"
22:59:27,233 (main) DEBUG [DataNucleus.Enhancer] - Adding method "void dnCopyKeyFieldsToObjectId(interface org.datanucleus.enhancer.Persistable$ObjectIdFieldSupplier fs, class java.lang.Object oid)"
22:59:27,233 (main) DEBUG [DataNucleus.Enhancer] - Adding method "java.lang.Object dnGetObjectId()"
22:59:27,234 (main) DEBUG [DataNucleus.Enhancer] - Adding method "java.lang.Object dnGetVersion()"
22:59:27,234 (main) DEBUG [DataNucleus.Enhancer] - Adding method "void dnPreSerialize()"
22:59:27,234 (main) DEBUG [DataNucleus.Enhancer] - Adding method "org.datanucleus.ExecutionContext dnGetExecutionContext()"
22:59:27,234 (main) DEBUG [DataNucleus.Enhancer] - Adding method "java.lang.Object dnGetTransactionalObjectId()"
22:59:27,235 (main) DEBUG [DataNucleus.Enhancer] - Adding method "boolean dnIsDeleted()"
22:59:27,235 (main) DEBUG [DataNucleus.Enhancer] - Adding method "boolean dnIsDirty()"
22:59:27,235 (main) DEBUG [DataNucleus.Enhancer] - Adding method "boolean dnIsNew()"
22:59:27,236 (main) DEBUG [DataNucleus.Enhancer] - Adding method "boolean dnIsPersistent()"
22:59:27,236 (main) DEBUG [DataNucleus.Enhancer] - Adding method "boolean dnIsTransactional()"
22:59:27,236 (main) DEBUG [DataNucleus.Enhancer] - Adding method "void dnMakeDirty(class java.lang.String fieldName)"
22:59:27,236 (main) DEBUG [DataNucleus.Enhancer] - Adding method "java.lang.Object dnNewObjectIdInstance()"
22:59:27,236 (main) DEBUG [DataNucleus.Enhancer] - Adding method "java.lang.Object dnNewObjectIdInstance(class java.lang.Object key)"
22:59:27,237 (main) DEBUG [DataNucleus.Enhancer] - Adding method "void dnProvideFields(class [I indices)"
22:59:27,237 (main) DEBUG [DataNucleus.Enhancer] - Adding method "void dnReplaceFields(class [I indices)"
22:59:27,237 (main) DEBUG [DataNucleus.Enhancer] - Adding method "void dnReplaceFlags()"
22:59:27,237 (main) DEBUG [DataNucleus.Enhancer] - Adding method "void dnReplaceStateManager(interface org.datanucleus.state.StateManager sm)"
22:59:27,237 (main) DEBUG [DataNucleus.Enhancer] - Adding method "boolean dnIsDetached()"
22:59:27,238 (main) DEBUG [DataNucleus.Enhancer] - Adding method "org.datanucleus.enhancer.Persistable dnNewInstance(interface org.datanucleus.state.StateManager sm)"
22:59:27,238 (main) DEBUG [DataNucleus.Enhancer] - Adding method "org.datanucleus.enhancer.Persistable dnNewInstance(interface org.datanucleus.state.StateManager sm, class java.lang.Object obj)"
22:59:27,238 (main) DEBUG [DataNucleus.Enhancer] - Adding method "void dnReplaceField(int index)"
22:59:27,238 (main) DEBUG [DataNucleus.Enhancer] - Adding method "void dnProvideField(int index)"
22:59:27,239 (main) DEBUG [DataNucleus.Enhancer] - Adding method "void dnCopyField(class org.protozoo.system.core.item.AbstractItem obj, int index)"
22:59:27,239 (main) DEBUG [DataNucleus.Enhancer] - Adding method "void dnCopyFields(class java.lang.Object obj, class [I indices)"
22:59:27,239 (main) DEBUG [DataNucleus.Enhancer] - Adding method "[Ljava.lang.String; __dnFieldNamesInit()"
22:59:27,239 (main) DEBUG [DataNucleus.Enhancer] - Adding method "[Ljava.lang.Class; __dnFieldTypesInit()"
22:59:27,239 (main) DEBUG [DataNucleus.Enhancer] - Adding method "[B __dnFieldFlagsInit()"
22:59:27,239 (main) DEBUG [DataNucleus.Enhancer] - Adding method "int __dnGetInheritedFieldCount()"
22:59:27,240 (main) DEBUG [DataNucleus.Enhancer] - Adding method "int dnGetManagedFieldCount()"
22:59:27,240 (main) DEBUG [DataNucleus.Enhancer] - Adding method "java.lang.Class __dnPersistableSuperclassInit()"
22:59:27,240 (main) DEBUG [DataNucleus.Enhancer] - Adding method "java.lang.Class ___dn$loadClass(class java.lang.String className)"
22:59:27,241 (main) DEBUG [DataNucleus.Enhancer] - Adding method "java.lang.Object dnSuperClone()"
22:59:27,241 (main) DEBUG [DataNucleus.Enhancer] - Adding method "java.util.Date dnGetcreatedTimestamp(class org.protozoo.system.core.item.AbstractItem objPC)"
22:59:27,242 (main) DEBUG [DataNucleus.Enhancer] - Adding method "void dnSetcreatedTimestamp(class org.protozoo.system.core.item.AbstractItem objPC, class java.util.Date val)"
22:59:27,242 (main) DEBUG [DataNucleus.Enhancer] - Adding method "java.lang.String dnGetid(class org.protozoo.system.core.item.AbstractItem objPC)"
22:59:27,242 (main) DEBUG [DataNucleus.Enhancer] - Adding method "void dnSetid(class org.protozoo.system.core.item.AbstractItem objPC, class java.lang.String val)"
22:59:27,243 (main) INFO  [DataNucleus.Enhancer] - Writing class file "C:\Users\wos\Documents\NetBeansProjects\Protozoo\system\core\target\classes\org\protozoo\system\core\item\AbstractItem.class" with enhanced definition
22:59:27,244 (main) DEBUG [DataNucleus.Enhancer] - Enhance of class "org.protozoo.system.core.item.AbstractItem" completed
22:59:27,244 (main) INFO  [DataNucleus.Enhancer] - DataNucleus Enhancer completed with success for 1 classes.
